[2020-10-24 16:37:59] Outlet.com.ERROR: SQLSTATE[42000]: Syntax error or access violation: 1064 You have an error in your SQL syntax; check the manual that corresponds to your MariaDB server version for the right syntax to use near '`id` = ?)' at line 1 (SQL: select `id`, `size`, `image`, `phone_image`, `color`, `stock`, `price`, `price_discount` from `products` where `parent_id` = 135 and `color` = fuchsia or (fuchsia `id` = 135)) {"exception":"[object] (Illuminate\\Database\\QueryException(code: 42000): SQLSTATE[42000]: Syntax error or access violation: 1064 You have an error in your SQL syntax; check the manual that corresponds to your MariaDB server version for the right syntax to use near '`id` = ?)' at line 1 (SQL: select `id`, `size`, `image`, `phone_image`, `color`, `stock`, `price`, `price_discount` from `products` where `parent_id` = 135 and `color` = fuchsia or (fuchsia `id` = 135)) at E:\\360 cloud solution\\OUTLET_PROJECT\\Outlet - Copy - Copy\\vendor\\laravel\\framework\\src\\Illuminate\\Database\\Connection.php:664, PDOException(code: 42000): SQLSTATE[42000]: Syntax error or access violation: 1064 You have an error in your SQL syntax; check the manual that corresponds to your MariaDB server version for the right syntax to use near '`id` = ?)' at line 1 at E:\\360 cloud solution\\OUTLET_PROJECT\\Outlet - Copy - Copy\\vendor\\laravel\\framework\\src\\Illuminate\\Database\\Connection.php:326)
[stacktrace]
#0 E:\\360 cloud solution\\OUTLET_PROJECT\\Outlet - Copy - Copy\\vendor\\laravel\\framework\\src\\Illuminate\\Database\\Connection.php(624): Illuminate\\Database\\Connection->runQueryCallback('select `id`, `s...', Array, Object(Closure))
#1 E:\\360 cloud solution\\OUTLET_PROJECT\\Outlet - Copy - Copy\\vendor\\laravel\\framework\\src\\Illuminate\\Database\\Connection.php(333): Illuminate\\Database\\Connection->run('select `id`, `s...', Array, Object(Closure))
#2 E:\\360 cloud solution\\OUTLET_PROJECT\\Outlet - Copy - Copy\\vendor\\laravel\\framework\\src\\Illuminate\\Database\\Query\\Builder.php(2130): Illuminate\\Database\\Connection->select('select `id`, `s...', Array, true)
#3 E:\\360 cloud solution\\OUTLET_PROJECT\\Outlet - Copy - Copy\\vendor\\laravel\\framework\\src\\Illuminate\\Database\\Query\\Builder.php(2118): Illuminate\\Database\\Query\\Builder->runSelect()
#4 E:\\360 cloud solution\\OUTLET_PROJECT\\Outlet - Copy - Copy\\vendor\\laravel\\framework\\src\\Illuminate\\Database\\Query\\Builder.php(2604): Illuminate\\Database\\Query\\Builder->Illuminate\\Database\\Query\\{closure}()
#5 E:\\360 cloud solution\\OUTLET_PROJECT\\Outlet - Copy - Copy\\vendor\\laravel\\framework\\src\\Illuminate\\Database\\Query\\Builder.php(2119): Illuminate\\Database\\Query\\Builder->onceWithColumns(Array, Object(Closure))
#6 E:\\360 cloud solution\\OUTLET_PROJECT\\Outlet - Copy - Copy\\vendor\\laravel\\framework\\src\\Illuminate\\Database\\Eloquent\\Builder.php(521): Illuminate\\Database\\Query\\Builder->get(Array)
#7 E:\\360 cloud solution\\OUTLET_PROJECT\\Outlet - Copy - Copy\\vendor\\laravel\\framework\\src\\Illuminate\\Database\\Eloquent\\Builder.php(505): Illuminate\\Database\\Eloquent\\Builder->getModels(Array)
#8 E:\\360 cloud solution\\OUTLET_PROJECT\\Outlet - Copy - Copy\\app\\Transformers\\Product\\VarianceTransformer.php(34): Illuminate\\Database\\Eloquent\\Builder->get()
#9 E:\\360 cloud solution\\OUTLET_PROJECT\\Outlet - Copy - Copy\\app\\Transformers\\Product\\VarianceTransformer.php(14): App\\Transformers\\Product\\VarianceTransformer->getVariances(Object(App\\Product))
#10 E:\\360 cloud solution\\OUTLET_PROJECT\\Outlet - Copy - Copy\\vendor\\league\\fractal\\src\\Scope.php(419): App\\Transformers\\Product\\VarianceTransformer->transform(Object(App\\Product))
#11 E:\\360 cloud solution\\OUTLET_PROJECT\\Outlet - Copy - Copy\\vendor\\league\\fractal\\src\\Scope.php(358): League\\Fractal\\Scope->fireTransformer(Object(App\\Transformers\\Product\\VarianceTransformer), Object(App\\Product))
#12 E:\\360 cloud solution\\OUTLET_PROJECT\\Outlet - Copy - Copy\\vendor\\league\\fractal\\src\\Scope.php(235): League\\Fractal\\Scope->executeResourceTransformers()
#13 E:\\360 cloud solution\\OUTLET_PROJECT\\Outlet - Copy - Copy\\vendor\\spatie\\fractalistic\\src\\Fractal.php(369): League\\Fractal\\Scope->toArray()
#14 E:\\360 cloud solution\\OUTLET_PROJECT\\Outlet - Copy - Copy\\app\\Traits\\ApiResponser.php(85): Spatie\\Fractalistic\\Fractal->toArray()
#15 E:\\360 cloud solution\\OUTLET_PROJECT\\Outlet - Copy - Copy\\app\\Traits\\ApiResponser.php(74): App\\Http\\Controllers\\ApiController->transformData(Object(App\\Product), 'App\\\\Transformer...')
#16 E:\\360 cloud solution\\OUTLET_PROJECT\\Outlet - Copy - Copy\\app\\Http\\Controllers\\Product\\ProductController.php(62): App\\Http\\Controllers\\ApiController->showOne(Object(App\\Product), 'App\\\\Transformer...')
#17 [internal function]: App\\Http\\Controllers\\Product\\ProductController->getVariances('135')
#18 E:\\360 cloud solution\\OUTLET_PROJECT\\Outlet - Copy - Copy\\vendor\\laravel\\framework\\src\\Illuminate\\Routing\\Controller.php(54): call_user_func_array(Array, Array)
#19 E:\\360 cloud solution\\OUTLET_PROJECT\\Outlet - Copy - Copy\\vendor\\laravel\\framework\\src\\Illuminate\\Routing\\ControllerDispatcher.php(45): Illuminate\\Routing\\Controller->callAction('getVariances', Array)
#20 E:\\360 cloud solution\\OUTLET_PROJECT\\Outlet - Copy - Copy\\vendor\\laravel\\framework\\src\\Illuminate\\Routing\\Route.php(219): Illuminate\\Routing\\ControllerDispatcher->dispatch(Object(Illuminate\\Routing\\Route), Object(App\\Http\\Controllers\\Product\\ProductController), 'getVariances')
#21 E:\\360 cloud solution\\OUTLET_PROJECT\\Outlet - Copy - Copy\\vendor\\laravel\\framework\\src\\Illuminate\\Routing\\Route.php(176): Illuminate\\Routing\\Route->runController()
#22 E:\\360 cloud solution\\OUTLET_PROJECT\\Outlet - Copy - Copy\\vendor\\laravel\\framework\\src\\Illuminate\\Routing\\Router.php(680): Illuminate\\Routing\\Route->run()
#23 E:\\360 cloud solution\\OUTLET_PROJECT\\Outlet - Copy - Copy\\vendor\\laravel\\framework\\src\\Illuminate\\Routing\\Pipeline.php(30): Illuminate\\Routing\\Router->Illuminate\\Routing\\{closure}(Object(Illuminate\\Http\\Request))
#24 E:\\360 cloud solution\\OUTLET_PROJECT\\Outlet - Copy - Copy\\vendor\\laravel\\framework\\src\\Illuminate\\Routing\\Middleware\\SubstituteBindings.php(41): Illuminate\\Routing\\Pipeline->Illuminate\\Routing\\{closure}(Object(Illuminate\\Http\\Request))
#25 E:\\360 cloud solution\\OUTLET_PROJECT\\Outlet - Copy - Copy\\vendor\\laravel\\framework\\src\\Illuminate\\Pipeline\\Pipeline.php(163): Illuminate\\Routing\\Middleware\\SubstituteBindings->handle(Object(Illuminate\\Http\\Request), Object(Closure))
#26 E:\\360 cloud solution\\OUTLET_PROJECT\\Outlet - Copy - Copy\\vendor\\laravel\\framework\\src\\Illuminate\\Routing\\Pipeline.php(53): Illuminate\\Pipeline\\Pipeline->Illuminate\\Pipeline\\{closure}(Object(Illuminate\\Http\\Request))
#27 E:\\360 cloud solution\\OUTLET_PROJECT\\Outlet - Copy - Copy\\vendor\\laravel\\framework\\src\\Illuminate\\Routing\\Middleware\\ThrottleRequests.php(58): Illuminate\\Routing\\Pipeline->Illuminate\\Routing\\{closure}(Object(Illuminate\\Http\\Request))
#28 E:\\360 cloud solution\\OUTLET_PROJECT\\Outlet - Copy - Copy\\vendor\\laravel\\framework\\src\\Illuminate\\Pipeline\\Pipeline.php(163): Illuminate\\Routing\\Middleware\\ThrottleRequests->handle(Object(Illuminate\\Http\\Request), Object(Closure), 500, '1')
#29 E:\\360 cloud solution\\OUTLET_PROJECT\\Outlet - Copy - Copy\\vendor\\laravel\\framework\\src\\Illuminate\\Routing\\Pipeline.php(53): Illuminate\\Pipeline\\Pipeline->Illuminate\\Pipeline\\{closure}(Object(Illuminate\\Http\\Request))
#30 E:\\360 cloud solution\\OUTLET_PROJECT\\Outlet - Copy - Copy\\vendor\\laravel\\framework\\src\\Illuminate\\Pipeline\\Pipeline.php(104): Illuminate\\Routing\\Pipeline->Illuminate\\Routing\\{closure}(Object(Illuminate\\Http\\Request))
#31 E:\\360 cloud solution\\OUTLET_PROJECT\\Outlet - Copy - Copy\\vendor\\laravel\\framework\\src\\Illuminate\\Routing\\Router.php(682): Illuminate\\Pipeline\\Pipeline->then(Object(Closure))
#32 E:\\360 cloud solution\\OUTLET_PROJECT\\Outlet - Copy - Copy\\vendor\\laravel\\framework\\src\\Illuminate\\Routing\\Router.php(657): Illuminate\\Routing\\Router->runRouteWithinStack(Object(Illuminate\\Routing\\Route), Object(Illuminate\\Http\\Request))
#33 E:\\360 cloud solution\\OUTLET_PROJECT\\Outlet - Copy - Copy\\vendor\\laravel\\framework\\src\\Illuminate\\Routing\\Router.php(623): Illuminate\\Routing\\Router->runRoute(Object(Illuminate\\Http\\Request), Object(Illuminate\\Routing\\Route))
#34 E:\\360 cloud solution\\OUTLET_PROJECT\\Outlet - Copy - Copy\\vendor\\laravel\\framework\\src\\Illuminate\\Routing\\Router.php(612): Illuminate\\Routing\\Router->dispatchToRoute(Object(Illuminate\\Http\\Request))
#35 E:\\360 cloud solution\\OUTLET_PROJECT\\Outlet - Copy - Copy\\vendor\\laravel\\framework\\src\\Illuminate\\Foundation\\Http\\Kernel.php(176): Illuminate\\Routing\\Router->dispatch(Object(Illuminate\\Http\\Request))
#36 E:\\360 cloud solution\\OUTLET_PROJECT\\Outlet - Copy - Copy\\vendor\\laravel\\framework\\src\\Illuminate\\Routing\\Pipeline.php(30): Illuminate\\Foundation\\Http\\Kernel->Illuminate\\Foundation\\Http\\{closure}(Object(Illuminate\\Http\\Request))
#37 E:\\360 cloud solution\\OUTLET_PROJECT\\Outlet - Copy - Copy\\app\\Http\\Cors.php(43): Illuminate\\Routing\\Pipeline->Illuminate\\Routing\\{closure}(Object(Illuminate\\Http\\Request))
#38 E:\\360 cloud solution\\OUTLET_PROJECT\\Outlet - Copy - Copy\\vendor\\laravel\\framework\\src\\Illuminate\\Pipeline\\Pipeline.php(163): App\\Http\\Middleware\\Cors->handle(Object(Illuminate\\Http\\Request), Object(Closure))
#39 E:\\360 cloud solution\\OUTLET_PROJECT\\Outlet - Copy - Copy\\vendor\\laravel\\framework\\src\\Illuminate\\Routing\\Pipeline.php(53): Illuminate\\Pipeline\\Pipeline->Illuminate\\Pipeline\\{closure}(Object(Illuminate\\Http\\Request))
#40 E:\\360 cloud solution\\OUTLET_PROJECT\\Outlet - Copy - Copy\\vendor\\laravel\\framework\\src\\Illuminate\\Foundation\\Http\\Middleware\\TransformsRequest.php(21): Illuminate\\Routing\\Pipeline->Illuminate\\Routing\\{closure}(Object(Illuminate\\Http\\Request))
#41 E:\\360 cloud solution\\OUTLET_PROJECT\\Outlet - Copy - Copy\\vendor\\laravel\\framework\\src\\Illuminate\\Pipeline\\Pipeline.php(163): Illuminate\\Foundation\\Http\\Middleware\\TransformsRequest->handle(Object(Illuminate\\Http\\Request), Object(Closure))
#42 E:\\360 cloud solution\\OUTLET_PROJECT\\Outlet - Copy - Copy\\vendor\\laravel\\framework\\src\\Illuminate\\Routing\\Pipeline.php(53): Illuminate\\Pipeline\\Pipeline->Illuminate\\Pipeline\\{closure}(Object(Illuminate\\Http\\Request))
#43 E:\\360 cloud solution\\OUTLET_PROJECT\\Outlet - Copy - Copy\\vendor\\laravel\\framework\\src\\Illuminate\\Foundation\\Http\\Middleware\\TransformsRequest.php(21): Illuminate\\Routing\\Pipeline->Illuminate\\Routing\\{closure}(Object(Illuminate\\Http\\Request))
#44 E:\\360 cloud solution\\OUTLET_PROJECT\\Outlet - Copy - Copy\\vendor\\laravel\\framework\\src\\Illuminate\\Pipeline\\Pipeline.php(163): Illuminate\\Foundation\\Http\\Middleware\\TransformsRequest->handle(Object(Illuminate\\Http\\Request), Object(Closure))
#45 E:\\360 cloud solution\\OUTLET_PROJECT\\Outlet - Copy - Copy\\vendor\\laravel\\framework\\src\\Illuminate\\Routing\\Pipeline.php(53): Illuminate\\Pipeline\\Pipeline->Illuminate\\Pipeline\\{closure}(Object(Illuminate\\Http\\Request))
#46 E:\\360 cloud solution\\OUTLET_PROJECT\\Outlet - Copy - Copy\\vendor\\laravel\\framework\\src\\Illuminate\\Foundation\\Http\\Middleware\\ValidatePostSize.php(27): Illuminate\\Routing\\Pipeline->Illuminate\\Routing\\{closure}(Object(Illuminate\\Http\\Request))
#47 E:\\360 cloud solution\\OUTLET_PROJECT\\Outlet - Copy - Copy\\vendor\\laravel\\framework\\src\\Illuminate\\Pipeline\\Pipeline.php(163): Illuminate\\Foundation\\Http\\Middleware\\ValidatePostSize->handle(Object(Illuminate\\Http\\Request), Object(Closure))
#48 E:\\360 cloud solution\\OUTLET_PROJECT\\Outlet - Copy - Copy\\vendor\\laravel\\framework\\src\\Illuminate\\Routing\\Pipeline.php(53): Illuminate\\Pipeline\\Pipeline->Illuminate\\Pipeline\\{closure}(Object(Illuminate\\Http\\Request))
#49 E:\\360 cloud solution\\OUTLET_PROJECT\\Outlet - Copy - Copy\\vendor\\laravel\\framework\\src\\Illuminate\\Foundation\\Http\\Middleware\\CheckForMaintenanceMode.php(62): Illuminate\\Routing\\Pipeline->Illuminate\\Routing\\{closure}(Object(Illuminate\\Http\\Request))
#50 E:\\360 cloud solution\\OUTLET_PROJECT\\Outlet - Copy - Copy\\vendor\\laravel\\framework\\src\\Illuminate\\Pipeline\\Pipeline.php(163): Illuminate\\Foundation\\Http\\Middleware\\CheckForMaintenanceMode->handle(Object(Illuminate\\Http\\Request), Object(Closure))
#51 E:\\360 cloud solution\\OUTLET_PROJECT\\Outlet - Copy - Copy\\vendor\\laravel\\framework\\src\\Illuminate\\Routing\\Pipeline.php(53): Illuminate\\Pipeline\\Pipeline->Illuminate\\Pipeline\\{closure}(Object(Illuminate\\Http\\Request))
#52 E:\\360 cloud solution\\OUTLET_PROJECT\\Outlet - Copy - Copy\\vendor\\fideloper\\proxy\\src\\TrustProxies.php(57): Illuminate\\Routing\\Pipeline->Illuminate\\Routing\\{closure}(Object(Illuminate\\Http\\Request))
#53 E:\\360 cloud solution\\OUTLET_PROJECT\\Outlet - Copy - Copy\\vendor\\laravel\\framework\\src\\Illuminate\\Pipeline\\Pipeline.php(163): Fideloper\\Proxy\\TrustProxies->handle(Object(Illuminate\\Http\\Request), Object(Closure))
#54 E:\\360 cloud solution\\OUTLET_PROJECT\\Outlet - Copy - Copy\\vendor\\laravel\\framework\\src\\Illuminate\\Routing\\Pipeline.php(53): Illuminate\\Pipeline\\Pipeline->Illuminate\\Pipeline\\{closure}(Object(Illuminate\\Http\\Request))
#55 E:\\360 cloud solution\\OUTLET_PROJECT\\Outlet - Copy - Copy\\vendor\\laravel\\framework\\src\\Illuminate\\Pipeline\\Pipeline.php(104): Illuminate\\Routing\\Pipeline->Illuminate\\Routing\\{closure}(Object(Illuminate\\Http\\Request))
#56 E:\\360 cloud solution\\OUTLET_PROJECT\\Outlet - Copy - Copy\\vendor\\laravel\\framework\\src\\Illuminate\\Foundation\\Http\\Kernel.php(151): Illuminate\\Pipeline\\Pipeline->then(Object(Closure))
#57 E:\\360 cloud solution\\OUTLET_PROJECT\\Outlet - Copy - Copy\\vendor\\laravel\\framework\\src\\Illuminate\\Foundation\\Http\\Kernel.php(116): Illuminate\\Foundation\\Http\\Kernel->sendRequestThroughRouter(Object(Illuminate\\Http\\Request))
#58 E:\\360 cloud solution\\OUTLET_PROJECT\\Outlet - Copy - Copy\\public\\index.php(55): Illuminate\\Foundation\\Http\\Kernel->handle(Object(Illuminate\\Http\\Request))
#59 E:\\360 cloud solution\\OUTLET_PROJECT\\Outlet - Copy - Copy\\index.php(21): require_once('E:\\\\360 cloud so...')
#60 {main}
"} 
[2020-10-24 16:41:22] Outlet.com.ERROR: Undefined variable: color {"exception":"[object] (ErrorException(code: 0): Undefined variable: color at E:\\360 cloud solution\\OUTLET_PROJECT\\Outlet - Copy - Copy\\app\\Transformers\\Product\\VarianceTransformer.php:33)
[stacktrace]
#0 E:\\360 cloud solution\\OUTLET_PROJECT\\Outlet - Copy - Copy\\app\\Transformers\\Product\\VarianceTransformer.php(33): Illuminate\\Foundation\\Bootstrap\\HandleExceptions->handleError(8, 'Undefined varia...', 'E:\\\\360 cloud so...', 33, Array)
#1 E:\\360 cloud solution\\OUTLET_PROJECT\\Outlet - Copy - Copy\\app\\Transformers\\Product\\VarianceTransformer.php(14): App\\Transformers\\Product\\VarianceTransformer->getVariances(Object(App\\Product))
#2 E:\\360 cloud solution\\OUTLET_PROJECT\\Outlet - Copy - Copy\\vendor\\league\\fractal\\src\\Scope.php(419): App\\Transformers\\Product\\VarianceTransformer->transform(Object(App\\Product))
#3 E:\\360 cloud solution\\OUTLET_PROJECT\\Outlet - Copy - Copy\\vendor\\league\\fractal\\src\\Scope.php(358): League\\Fractal\\Scope->fireTransformer(Object(App\\Transformers\\Product\\VarianceTransformer), Object(App\\Product))
#4 E:\\360 cloud solution\\OUTLET_PROJECT\\Outlet - Copy - Copy\\vendor\\league\\fractal\\src\\Scope.php(235): League\\Fractal\\Scope->executeResourceTransformers()
#5 E:\\360 cloud solution\\OUTLET_PROJECT\\Outlet - Copy - Copy\\vendor\\spatie\\fractalistic\\src\\Fractal.php(369): League\\Fractal\\Scope->toArray()
#6 E:\\360 cloud solution\\OUTLET_PROJECT\\Outlet - Copy - Copy\\app\\Traits\\ApiResponser.php(85): Spatie\\Fractalistic\\Fractal->toArray()
#7 E:\\360 cloud solution\\OUTLET_PROJECT\\Outlet - Copy - Copy\\app\\Traits\\ApiResponser.php(74): App\\Http\\Controllers\\ApiController->transformData(Object(App\\Product), 'App\\\\Transformer...')
#8 E:\\360 cloud solution\\OUTLET_PROJECT\\Outlet - Copy - Copy\\app\\Http\\Controllers\\Product\\ProductController.php(62): App\\Http\\Controllers\\ApiController->showOne(Object(App\\Product), 'App\\\\Transformer...')
#9 [internal function]: App\\Http\\Controllers\\Product\\ProductController->getVariances('135')
#10 E:\\360 cloud solution\\OUTLET_PROJECT\\Outlet - Copy - Copy\\vendor\\laravel\\framework\\src\\Illuminate\\Routing\\Controller.php(54): call_user_func_array(Array, Array)
#11 E:\\360 cloud solution\\OUTLET_PROJECT\\Outlet - Copy - Copy\\vendor\\laravel\\framework\\src\\Illuminate\\Routing\\ControllerDispatcher.php(45): Illuminate\\Routing\\Controller->callAction('getVariances', Array)
#12 E:\\360 cloud solution\\OUTLET_PROJECT\\Outlet - Copy - Copy\\vendor\\laravel\\framework\\src\\Illuminate\\Routing\\Route.php(219): Illuminate\\Routing\\ControllerDispatcher->dispatch(Object(Illuminate\\Routing\\Route), Object(App\\Http\\Controllers\\Product\\ProductController), 'getVariances')
#13 E:\\360 cloud solution\\OUTLET_PROJECT\\Outlet - Copy - Copy\\vendor\\laravel\\framework\\src\\Illuminate\\Routing\\Route.php(176): Illuminate\\Routing\\Route->runController()
#14 E:\\360 cloud solution\\OUTLET_PROJECT\\Outlet - Copy - Copy\\vendor\\laravel\\framework\\src\\Illuminate\\Routing\\Router.php(680): Illuminate\\Routing\\Route->run()
#15 E:\\360 cloud solution\\OUTLET_PROJECT\\Outlet - Copy - Copy\\vendor\\laravel\\framework\\src\\Illuminate\\Routing\\Pipeline.php(30): Illuminate\\Routing\\Router->Illuminate\\Routing\\{closure}(Object(Illuminate\\Http\\Request))
#16 E:\\360 cloud solution\\OUTLET_PROJECT\\Outlet - Copy - Copy\\vendor\\laravel\\framework\\src\\Illuminate\\Routing\\Middleware\\SubstituteBindings.php(41): Illuminate\\Routing\\Pipeline->Illuminate\\Routing\\{closure}(Object(Illuminate\\Http\\Request))
#17 E:\\360 cloud solution\\OUTLET_PROJECT\\Outlet - Copy - Copy\\vendor\\laravel\\framework\\src\\Illuminate\\Pipeline\\Pipeline.php(163): Illuminate\\Routing\\Middleware\\SubstituteBindings->handle(Object(Illuminate\\Http\\Request), Object(Closure))
#18 E:\\360 cloud solution\\OUTLET_PROJECT\\Outlet - Copy - Copy\\vendor\\laravel\\framework\\src\\Illuminate\\Routing\\Pipeline.php(53): Illuminate\\Pipeline\\Pipeline->Illuminate\\Pipeline\\{closure}(Object(Illuminate\\Http\\Request))
#19 E:\\360 cloud solution\\OUTLET_PROJECT\\Outlet - Copy - Copy\\vendor\\laravel\\framework\\src\\Illuminate\\Routing\\Middleware\\ThrottleRequests.php(58): Illuminate\\Routing\\Pipeline->Illuminate\\Routing\\{closure}(Object(Illuminate\\Http\\Request))
#20 E:\\360 cloud solution\\OUTLET_PROJECT\\Outlet - Copy - Copy\\vendor\\laravel\\framework\\src\\Illuminate\\Pipeline\\Pipeline.php(163): Illuminate\\Routing\\Middleware\\ThrottleRequests->handle(Object(Illuminate\\Http\\Request), Object(Closure), 500, '1')
#21 E:\\360 cloud solution\\OUTLET_PROJECT\\Outlet - Copy - Copy\\vendor\\laravel\\framework\\src\\Illuminate\\Routing\\Pipeline.php(53): Illuminate\\Pipeline\\Pipeline->Illuminate\\Pipeline\\{closure}(Object(Illuminate\\Http\\Request))
#22 E:\\360 cloud solution\\OUTLET_PROJECT\\Outlet - Copy - Copy\\vendor\\laravel\\framework\\src\\Illuminate\\Pipeline\\Pipeline.php(104): Illuminate\\Routing\\Pipeline->Illuminate\\Routing\\{closure}(Object(Illuminate\\Http\\Request))
#23 E:\\360 cloud solution\\OUTLET_PROJECT\\Outlet - Copy - Copy\\vendor\\laravel\\framework\\src\\Illuminate\\Routing\\Router.php(682): Illuminate\\Pipeline\\Pipeline->then(Object(Closure))
#24 E:\\360 cloud solution\\OUTLET_PROJECT\\Outlet - Copy - Copy\\vendor\\laravel\\framework\\src\\Illuminate\\Routing\\Router.php(657): Illuminate\\Routing\\Router->runRouteWithinStack(Object(Illuminate\\Routing\\Route), Object(Illuminate\\Http\\Request))
#25 E:\\360 cloud solution\\OUTLET_PROJECT\\Outlet - Copy - Copy\\vendor\\laravel\\framework\\src\\Illuminate\\Routing\\Router.php(623): Illuminate\\Routing\\Router->runRoute(Object(Illuminate\\Http\\Request), Object(Illuminate\\Routing\\Route))
#26 E:\\360 cloud solution\\OUTLET_PROJECT\\Outlet - Copy - Copy\\vendor\\laravel\\framework\\src\\Illuminate\\Routing\\Router.php(612): Illuminate\\Routing\\Router->dispatchToRoute(Object(Illuminate\\Http\\Request))
#27 E:\\360 cloud solution\\OUTLET_PROJECT\\Outlet - Copy - Copy\\vendor\\laravel\\framework\\src\\Illuminate\\Foundation\\Http\\Kernel.php(176): Illuminate\\Routing\\Router->dispatch(Object(Illuminate\\Http\\Request))
#28 E:\\360 cloud solution\\OUTLET_PROJECT\\Outlet - Copy - Copy\\vendor\\laravel\\framework\\src\\Illuminate\\Routing\\Pipeline.php(30): Illuminate\\Foundation\\Http\\Kernel->Illuminate\\Foundation\\Http\\{closure}(Object(Illuminate\\Http\\Request))
#29 E:\\360 cloud solution\\OUTLET_PROJECT\\Outlet - Copy - Copy\\app\\Http\\Cors.php(43): Illuminate\\Routing\\Pipeline->Illuminate\\Routing\\{closure}(Object(Illuminate\\Http\\Request))
#30 E:\\360 cloud solution\\OUTLET_PROJECT\\Outlet - Copy - Copy\\vendor\\laravel\\framework\\src\\Illuminate\\Pipeline\\Pipeline.php(163): App\\Http\\Middleware\\Cors->handle(Object(Illuminate\\Http\\Request), Object(Closure))
#31 E:\\360 cloud solution\\OUTLET_PROJECT\\Outlet - Copy - Copy\\vendor\\laravel\\framework\\src\\Illuminate\\Routing\\Pipeline.php(53): Illuminate\\Pipeline\\Pipeline->Illuminate\\Pipeline\\{closure}(Object(Illuminate\\Http\\Request))
#32 E:\\360 cloud solution\\OUTLET_PROJECT\\Outlet - Copy - Copy\\vendor\\laravel\\framework\\src\\Illuminate\\Foundation\\Http\\Middleware\\TransformsRequest.php(21): Illuminate\\Routing\\Pipeline->Illuminate\\Routing\\{closure}(Object(Illuminate\\Http\\Request))
#33 E:\\360 cloud solution\\OUTLET_PROJECT\\Outlet - Copy - Copy\\vendor\\laravel\\framework\\src\\Illuminate\\Pipeline\\Pipeline.php(163): Illuminate\\Foundation\\Http\\Middleware\\TransformsRequest->handle(Object(Illuminate\\Http\\Request), Object(Closure))
#34 E:\\360 cloud solution\\OUTLET_PROJECT\\Outlet - Copy - Copy\\vendor\\laravel\\framework\\src\\Illuminate\\Routing\\Pipeline.php(53): Illuminate\\Pipeline\\Pipeline->Illuminate\\Pipeline\\{closure}(Object(Illuminate\\Http\\Request))
#35 E:\\360 cloud solution\\OUTLET_PROJECT\\Outlet - Copy - Copy\\vendor\\laravel\\framework\\src\\Illuminate\\Foundation\\Http\\Middleware\\TransformsRequest.php(21): Illuminate\\Routing\\Pipeline->Illuminate\\Routing\\{closure}(Object(Illuminate\\Http\\Request))
#36 E:\\360 cloud solution\\OUTLET_PROJECT\\Outlet - Copy - Copy\\vendor\\laravel\\framework\\src\\Illuminate\\Pipeline\\Pipeline.php(163): Illuminate\\Foundation\\Http\\Middleware\\TransformsRequest->handle(Object(Illuminate\\Http\\Request), Object(Closure))
#37 E:\\360 cloud solution\\OUTLET_PROJECT\\Outlet - Copy - Copy\\vendor\\laravel\\framework\\src\\Illuminate\\Routing\\Pipeline.php(53): Illuminate\\Pipeline\\Pipeline->Illuminate\\Pipeline\\{closure}(Object(Illuminate\\Http\\Request))
#38 E:\\360 cloud solution\\OUTLET_PROJECT\\Outlet - Copy - Copy\\vendor\\laravel\\framework\\src\\Illuminate\\Foundation\\Http\\Middleware\\ValidatePostSize.php(27): Illuminate\\Routing\\Pipeline->Illuminate\\Routing\\{closure}(Object(Illuminate\\Http\\Request))
#39 E:\\360 cloud solution\\OUTLET_PROJECT\\Outlet - Copy - Copy\\vendor\\laravel\\framework\\src\\Illuminate\\Pipeline\\Pipeline.php(163): Illuminate\\Foundation\\Http\\Middleware\\ValidatePostSize->handle(Object(Illuminate\\Http\\Request), Object(Closure))
#40 E:\\360 cloud solution\\OUTLET_PROJECT\\Outlet - Copy - Copy\\vendor\\laravel\\framework\\src\\Illuminate\\Routing\\Pipeline.php(53): Illuminate\\Pipeline\\Pipeline->Illuminate\\Pipeline\\{closure}(Object(Illuminate\\Http\\Request))
#41 E:\\360 cloud solution\\OUTLET_PROJECT\\Outlet - Copy - Copy\\vendor\\laravel\\framework\\src\\Illuminate\\Foundation\\Http\\Middleware\\CheckForMaintenanceMode.php(62): Illuminate\\Routing\\Pipeline->Illuminate\\Routing\\{closure}(Object(Illuminate\\Http\\Request))
#42 E:\\360 cloud solution\\OUTLET_PROJECT\\Outlet - Copy - Copy\\vendor\\laravel\\framework\\src\\Illuminate\\Pipeline\\Pipeline.php(163): Illuminate\\Foundation\\Http\\Middleware\\CheckForMaintenanceMode->handle(Object(Illuminate\\Http\\Request), Object(Closure))
#43 E:\\360 cloud solution\\OUTLET_PROJECT\\Outlet - Copy - Copy\\vendor\\laravel\\framework\\src\\Illuminate\\Routing\\Pipeline.php(53): Illuminate\\Pipeline\\Pipeline->Illuminate\\Pipeline\\{closure}(Object(Illuminate\\Http\\Request))
#44 E:\\360 cloud solution\\OUTLET_PROJECT\\Outlet - Copy - Copy\\vendor\\fideloper\\proxy\\src\\TrustProxies.php(57): Illuminate\\Routing\\Pipeline->Illuminate\\Routing\\{closure}(Object(Illuminate\\Http\\Request))
#45 E:\\360 cloud solution\\OUTLET_PROJECT\\Outlet - Copy - Copy\\vendor\\laravel\\framework\\src\\Illuminate\\Pipeline\\Pipeline.php(163): Fideloper\\Proxy\\TrustProxies->handle(Object(Illuminate\\Http\\Request), Object(Closure))
#46 E:\\360 cloud solution\\OUTLET_PROJECT\\Outlet - Copy - Copy\\vendor\\laravel\\framework\\src\\Illuminate\\Routing\\Pipeline.php(53): Illuminate\\Pipeline\\Pipeline->Illuminate\\Pipeline\\{closure}(Object(Illuminate\\Http\\Request))
#47 E:\\360 cloud solution\\OUTLET_PROJECT\\Outlet - Copy - Copy\\vendor\\laravel\\framework\\src\\Illuminate\\Pipeline\\Pipeline.php(104): Illuminate\\Routing\\Pipeline->Illuminate\\Routing\\{closure}(Object(Illuminate\\Http\\Request))
#48 E:\\360 cloud solution\\OUTLET_PROJECT\\Outlet - Copy - Copy\\vendor\\laravel\\framework\\src\\Illuminate\\Foundation\\Http\\Kernel.php(151): Illuminate\\Pipeline\\Pipeline->then(Object(Closure))
#49 E:\\360 cloud solution\\OUTLET_PROJECT\\Outlet - Copy - Copy\\vendor\\laravel\\framework\\src\\Illuminate\\Foundation\\Http\\Kernel.php(116): Illuminate\\Foundation\\Http\\Kernel->sendRequestThroughRouter(Object(Illuminate\\Http\\Request))
#50 E:\\360 cloud solution\\OUTLET_PROJECT\\Outlet - Copy - Copy\\public\\index.php(55): Illuminate\\Foundation\\Http\\Kernel->handle(Object(Illuminate\\Http\\Request))
#51 E:\\360 cloud solution\\OUTLET_PROJECT\\Outlet - Copy - Copy\\index.php(21): require_once('E:\\\\360 cloud so...')
#52 {main}
"} 
