[2020-10-26 20:45:20] Outlet.com.ERROR: SQLSTATE[HY000] [1045] Access denied for user 'root'@'localhost' (using password: YES) (SQL: select * from `categories`) {"exception":"[object] (Illuminate\\Database\\QueryException(code: 1045): SQLSTATE[HY000] [1045] Access denied for user 'root'@'localhost' (using password: YES) (SQL: select * from `categories`) at E:\\360 cloud solution\\OUTLET_PROJECT\\Outlet - Copy - Copy\\vendor\\laravel\\framework\\src\\Illuminate\\Database\\Connection.php:664, PDOException(code: 1045): SQLSTATE[HY000] [1045] Access denied for user 'root'@'localhost' (using password: YES) at E:\\360 cloud solution\\OUTLET_PROJECT\\Outlet - Copy - Copy\\vendor\\laravel\\framework\\src\\Illuminate\\Database\\Connectors\\Connector.php:70)
[stacktrace]
#0 E:\\360 cloud solution\\OUTLET_PROJECT\\Outlet - Copy - Copy\\vendor\\laravel\\framework\\src\\Illuminate\\Database\\Connection.php(624): Illuminate\\Database\\Connection->runQueryCallback('select * from `...', Array, Object(Closure))
#1 E:\\360 cloud solution\\OUTLET_PROJECT\\Outlet - Copy - Copy\\vendor\\laravel\\framework\\src\\Illuminate\\Database\\Connection.php(333): Illuminate\\Database\\Connection->run('select * from `...', Array, Object(Closure))
#2 E:\\360 cloud solution\\OUTLET_PROJECT\\Outlet - Copy - Copy\\vendor\\laravel\\framework\\src\\Illuminate\\Database\\Query\\Builder.php(2130): Illuminate\\Database\\Connection->select('select * from `...', Array, true)
#3 E:\\360 cloud solution\\OUTLET_PROJECT\\Outlet - Copy - Copy\\vendor\\laravel\\framework\\src\\Illuminate\\Database\\Query\\Builder.php(2118): Illuminate\\Database\\Query\\Builder->runSelect()
#4 E:\\360 cloud solution\\OUTLET_PROJECT\\Outlet - Copy - Copy\\vendor\\laravel\\framework\\src\\Illuminate\\Database\\Query\\Builder.php(2604): Illuminate\\Database\\Query\\Builder->Illuminate\\Database\\Query\\{closure}()
#5 E:\\360 cloud solution\\OUTLET_PROJECT\\Outlet - Copy - Copy\\vendor\\laravel\\framework\\src\\Illuminate\\Database\\Query\\Builder.php(2119): Illuminate\\Database\\Query\\Builder->onceWithColumns(Array, Object(Closure))
#6 E:\\360 cloud solution\\OUTLET_PROJECT\\Outlet - Copy - Copy\\vendor\\laravel\\framework\\src\\Illuminate\\Database\\Eloquent\\Builder.php(521): Illuminate\\Database\\Query\\Builder->get(Array)
#7 E:\\360 cloud solution\\OUTLET_PROJECT\\Outlet - Copy - Copy\\vendor\\laravel\\framework\\src\\Illuminate\\Database\\Eloquent\\Builder.php(505): Illuminate\\Database\\Eloquent\\Builder->getModels(Array)
#8 E:\\360 cloud solution\\OUTLET_PROJECT\\Outlet - Copy - Copy\\vendor\\laravel\\framework\\src\\Illuminate\\Database\\Eloquent\\Model.php(462): Illuminate\\Database\\Eloquent\\Builder->get(Array)
#9 E:\\360 cloud solution\\OUTLET_PROJECT\\Outlet - Copy - Copy\\app\\Http\\Controllers\\Category\\CategoryController.php(25): Illuminate\\Database\\Eloquent\\Model::all()
#10 [internal function]: App\\Http\\Controllers\\Category\\CategoryController->index(Object(Illuminate\\Http\\Request))
#11 E:\\360 cloud solution\\OUTLET_PROJECT\\Outlet - Copy - Copy\\vendor\\laravel\\framework\\src\\Illuminate\\Routing\\Controller.php(54): call_user_func_array(Array, Array)
#12 E:\\360 cloud solution\\OUTLET_PROJECT\\Outlet - Copy - Copy\\vendor\\laravel\\framework\\src\\Illuminate\\Routing\\ControllerDispatcher.php(45): Illuminate\\Routing\\Controller->callAction('index', Array)
#13 E:\\360 cloud solution\\OUTLET_PROJECT\\Outlet - Copy - Copy\\vendor\\laravel\\framework\\src\\Illuminate\\Routing\\Route.php(219): Illuminate\\Routing\\ControllerDispatcher->dispatch(Object(Illuminate\\Routing\\Route), Object(App\\Http\\Controllers\\Category\\CategoryController), 'index')
#14 E:\\360 cloud solution\\OUTLET_PROJECT\\Outlet - Copy - Copy\\vendor\\laravel\\framework\\src\\Illuminate\\Routing\\Route.php(176): Illuminate\\Routing\\Route->runController()
#15 E:\\360 cloud solution\\OUTLET_PROJECT\\Outlet - Copy - Copy\\vendor\\laravel\\framework\\src\\Illuminate\\Routing\\Router.php(680): Illuminate\\Routing\\Route->run()
#16 E:\\360 cloud solution\\OUTLET_PROJECT\\Outlet - Copy - Copy\\vendor\\laravel\\framework\\src\\Illuminate\\Routing\\Pipeline.php(30): Illuminate\\Routing\\Router->Illuminate\\Routing\\{closure}(Object(Illuminate\\Http\\Request))
#17 E:\\360 cloud solution\\OUTLET_PROJECT\\Outlet - Copy - Copy\\vendor\\laravel\\framework\\src\\Illuminate\\Routing\\Middleware\\SubstituteBindings.php(41): Illuminate\\Routing\\Pipeline->Illuminate\\Routing\\{closure}(Object(Illuminate\\Http\\Request))
#18 E:\\360 cloud solution\\OUTLET_PROJECT\\Outlet - Copy - Copy\\vendor\\laravel\\framework\\src\\Illuminate\\Pipeline\\Pipeline.php(163): Illuminate\\Routing\\Middleware\\SubstituteBindings->handle(Object(Illuminate\\Http\\Request), Object(Closure))
#19 E:\\360 cloud solution\\OUTLET_PROJECT\\Outlet - Copy - Copy\\vendor\\laravel\\framework\\src\\Illuminate\\Routing\\Pipeline.php(53): Illuminate\\Pipeline\\Pipeline->Illuminate\\Pipeline\\{closure}(Object(Illuminate\\Http\\Request))
#20 E:\\360 cloud solution\\OUTLET_PROJECT\\Outlet - Copy - Copy\\vendor\\laravel\\framework\\src\\Illuminate\\Routing\\Middleware\\ThrottleRequests.php(58): Illuminate\\Routing\\Pipeline->Illuminate\\Routing\\{closure}(Object(Illuminate\\Http\\Request))
#21 E:\\360 cloud solution\\OUTLET_PROJECT\\Outlet - Copy - Copy\\vendor\\laravel\\framework\\src\\Illuminate\\Pipeline\\Pipeline.php(163): Illuminate\\Routing\\Middleware\\ThrottleRequests->handle(Object(Illuminate\\Http\\Request), Object(Closure), 500, '1')
#22 E:\\360 cloud solution\\OUTLET_PROJECT\\Outlet - Copy - Copy\\vendor\\laravel\\framework\\src\\Illuminate\\Routing\\Pipeline.php(53): Illuminate\\Pipeline\\Pipeline->Illuminate\\Pipeline\\{closure}(Object(Illuminate\\Http\\Request))
#23 E:\\360 cloud solution\\OUTLET_PROJECT\\Outlet - Copy - Copy\\vendor\\laravel\\framework\\src\\Illuminate\\Pipeline\\Pipeline.php(104): Illuminate\\Routing\\Pipeline->Illuminate\\Routing\\{closure}(Object(Illuminate\\Http\\Request))
#24 E:\\360 cloud solution\\OUTLET_PROJECT\\Outlet - Copy - Copy\\vendor\\laravel\\framework\\src\\Illuminate\\Routing\\Router.php(682): Illuminate\\Pipeline\\Pipeline->then(Object(Closure))
#25 E:\\360 cloud solution\\OUTLET_PROJECT\\Outlet - Copy - Copy\\vendor\\laravel\\framework\\src\\Illuminate\\Routing\\Router.php(657): Illuminate\\Routing\\Router->runRouteWithinStack(Object(Illuminate\\Routing\\Route), Object(Illuminate\\Http\\Request))
#26 E:\\360 cloud solution\\OUTLET_PROJECT\\Outlet - Copy - Copy\\vendor\\laravel\\framework\\src\\Illuminate\\Routing\\Router.php(623): Illuminate\\Routing\\Router->runRoute(Object(Illuminate\\Http\\Request), Object(Illuminate\\Routing\\Route))
#27 E:\\360 cloud solution\\OUTLET_PROJECT\\Outlet - Copy - Copy\\vendor\\laravel\\framework\\src\\Illuminate\\Routing\\Router.php(612): Illuminate\\Routing\\Router->dispatchToRoute(Object(Illuminate\\Http\\Request))
#28 E:\\360 cloud solution\\OUTLET_PROJECT\\Outlet - Copy - Copy\\vendor\\laravel\\framework\\src\\Illuminate\\Foundation\\Http\\Kernel.php(176): Illuminate\\Routing\\Router->dispatch(Object(Illuminate\\Http\\Request))
#29 E:\\360 cloud solution\\OUTLET_PROJECT\\Outlet - Copy - Copy\\vendor\\laravel\\framework\\src\\Illuminate\\Routing\\Pipeline.php(30): Illuminate\\Foundation\\Http\\Kernel->Illuminate\\Foundation\\Http\\{closure}(Object(Illuminate\\Http\\Request))
#30 E:\\360 cloud solution\\OUTLET_PROJECT\\Outlet - Copy - Copy\\app\\Http\\Cors.php(43): Illuminate\\Routing\\Pipeline->Illuminate\\Routing\\{closure}(Object(Illuminate\\Http\\Request))
#31 E:\\360 cloud solution\\OUTLET_PROJECT\\Outlet - Copy - Copy\\vendor\\laravel\\framework\\src\\Illuminate\\Pipeline\\Pipeline.php(163): App\\Http\\Middleware\\Cors->handle(Object(Illuminate\\Http\\Request), Object(Closure))
#32 E:\\360 cloud solution\\OUTLET_PROJECT\\Outlet - Copy - Copy\\vendor\\laravel\\framework\\src\\Illuminate\\Routing\\Pipeline.php(53): Illuminate\\Pipeline\\Pipeline->Illuminate\\Pipeline\\{closure}(Object(Illuminate\\Http\\Request))
#33 E:\\360 cloud solution\\OUTLET_PROJECT\\Outlet - Copy - Copy\\vendor\\laravel\\framework\\src\\Illuminate\\Foundation\\Http\\Middleware\\TransformsRequest.php(21): Illuminate\\Routing\\Pipeline->Illuminate\\Routing\\{closure}(Object(Illuminate\\Http\\Request))
#34 E:\\360 cloud solution\\OUTLET_PROJECT\\Outlet - Copy - Copy\\vendor\\laravel\\framework\\src\\Illuminate\\Pipeline\\Pipeline.php(163): Illuminate\\Foundation\\Http\\Middleware\\TransformsRequest->handle(Object(Illuminate\\Http\\Request), Object(Closure))
#35 E:\\360 cloud solution\\OUTLET_PROJECT\\Outlet - Copy - Copy\\vendor\\laravel\\framework\\src\\Illuminate\\Routing\\Pipeline.php(53): Illuminate\\Pipeline\\Pipeline->Illuminate\\Pipeline\\{closure}(Object(Illuminate\\Http\\Request))
#36 E:\\360 cloud solution\\OUTLET_PROJECT\\Outlet - Copy - Copy\\vendor\\laravel\\framework\\src\\Illuminate\\Foundation\\Http\\Middleware\\TransformsRequest.php(21): Illuminate\\Routing\\Pipeline->Illuminate\\Routing\\{closure}(Object(Illuminate\\Http\\Request))
#37 E:\\360 cloud solution\\OUTLET_PROJECT\\Outlet - Copy - Copy\\vendor\\laravel\\framework\\src\\Illuminate\\Pipeline\\Pipeline.php(163): Illuminate\\Foundation\\Http\\Middleware\\TransformsRequest->handle(Object(Illuminate\\Http\\Request), Object(Closure))
#38 E:\\360 cloud solution\\OUTLET_PROJECT\\Outlet - Copy - Copy\\vendor\\laravel\\framework\\src\\Illuminate\\Routing\\Pipeline.php(53): Illuminate\\Pipeline\\Pipeline->Illuminate\\Pipeline\\{closure}(Object(Illuminate\\Http\\Request))
#39 E:\\360 cloud solution\\OUTLET_PROJECT\\Outlet - Copy - Copy\\vendor\\laravel\\framework\\src\\Illuminate\\Foundation\\Http\\Middleware\\ValidatePostSize.php(27): Illuminate\\Routing\\Pipeline->Illuminate\\Routing\\{closure}(Object(Illuminate\\Http\\Request))
#40 E:\\360 cloud solution\\OUTLET_PROJECT\\Outlet - Copy - Copy\\vendor\\laravel\\framework\\src\\Illuminate\\Pipeline\\Pipeline.php(163): Illuminate\\Foundation\\Http\\Middleware\\ValidatePostSize->handle(Object(Illuminate\\Http\\Request), Object(Closure))
#41 E:\\360 cloud solution\\OUTLET_PROJECT\\Outlet - Copy - Copy\\vendor\\laravel\\framework\\src\\Illuminate\\Routing\\Pipeline.php(53): Illuminate\\Pipeline\\Pipeline->Illuminate\\Pipeline\\{closure}(Object(Illuminate\\Http\\Request))
#42 E:\\360 cloud solution\\OUTLET_PROJECT\\Outlet - Copy - Copy\\vendor\\laravel\\framework\\src\\Illuminate\\Foundation\\Http\\Middleware\\CheckForMaintenanceMode.php(62): Illuminate\\Routing\\Pipeline->Illuminate\\Routing\\{closure}(Object(Illuminate\\Http\\Request))
#43 E:\\360 cloud solution\\OUTLET_PROJECT\\Outlet - Copy - Copy\\vendor\\laravel\\framework\\src\\Illuminate\\Pipeline\\Pipeline.php(163): Illuminate\\Foundation\\Http\\Middleware\\CheckForMaintenanceMode->handle(Object(Illuminate\\Http\\Request), Object(Closure))
#44 E:\\360 cloud solution\\OUTLET_PROJECT\\Outlet - Copy - Copy\\vendor\\laravel\\framework\\src\\Illuminate\\Routing\\Pipeline.php(53): Illuminate\\Pipeline\\Pipeline->Illuminate\\Pipeline\\{closure}(Object(Illuminate\\Http\\Request))
#45 E:\\360 cloud solution\\OUTLET_PROJECT\\Outlet - Copy - Copy\\vendor\\fideloper\\proxy\\src\\TrustProxies.php(57): Illuminate\\Routing\\Pipeline->Illuminate\\Routing\\{closure}(Object(Illuminate\\Http\\Request))
#46 E:\\360 cloud solution\\OUTLET_PROJECT\\Outlet - Copy - Copy\\vendor\\laravel\\framework\\src\\Illuminate\\Pipeline\\Pipeline.php(163): Fideloper\\Proxy\\TrustProxies->handle(Object(Illuminate\\Http\\Request), Object(Closure))
#47 E:\\360 cloud solution\\OUTLET_PROJECT\\Outlet - Copy - Copy\\vendor\\laravel\\framework\\src\\Illuminate\\Routing\\Pipeline.php(53): Illuminate\\Pipeline\\Pipeline->Illuminate\\Pipeline\\{closure}(Object(Illuminate\\Http\\Request))
#48 E:\\360 cloud solution\\OUTLET_PROJECT\\Outlet - Copy - Copy\\vendor\\laravel\\framework\\src\\Illuminate\\Pipeline\\Pipeline.php(104): Illuminate\\Routing\\Pipeline->Illuminate\\Routing\\{closure}(Object(Illuminate\\Http\\Request))
#49 E:\\360 cloud solution\\OUTLET_PROJECT\\Outlet - Copy - Copy\\vendor\\laravel\\framework\\src\\Illuminate\\Foundation\\Http\\Kernel.php(151): Illuminate\\Pipeline\\Pipeline->then(Object(Closure))
#50 E:\\360 cloud solution\\OUTLET_PROJECT\\Outlet - Copy - Copy\\vendor\\laravel\\framework\\src\\Illuminate\\Foundation\\Http\\Kernel.php(116): Illuminate\\Foundation\\Http\\Kernel->sendRequestThroughRouter(Object(Illuminate\\Http\\Request))
#51 E:\\360 cloud solution\\OUTLET_PROJECT\\Outlet - Copy - Copy\\public\\index.php(55): Illuminate\\Foundation\\Http\\Kernel->handle(Object(Illuminate\\Http\\Request))
#52 E:\\360 cloud solution\\OUTLET_PROJECT\\Outlet - Copy - Copy\\index.php(21): require_once('E:\\\\360 cloud so...')
#53 {main}
"} 
[2020-10-26 20:56:56] Outlet.com.ERROR: Call to undefined method App\Category::categories() {"exception":"[object] (BadMethodCallException(code: 0): Call to undefined method App\\Category::categories() at E:\\360 cloud solution\\OUTLET_PROJECT\\Outlet - Copy - Copy\\vendor\\laravel\\framework\\src\\Illuminate\\Support\\Traits\\ForwardsCalls.php:50)
[stacktrace]
#0 E:\\360 cloud solution\\OUTLET_PROJECT\\Outlet - Copy - Copy\\vendor\\laravel\\framework\\src\\Illuminate\\Support\\Traits\\ForwardsCalls.php(36): Illuminate\\Database\\Eloquent\\Model::throwBadMethodCallException('categories')
#1 E:\\360 cloud solution\\OUTLET_PROJECT\\Outlet - Copy - Copy\\vendor\\laravel\\framework\\src\\Illuminate\\Database\\Eloquent\\Model.php(1618): Illuminate\\Database\\Eloquent\\Model->forwardCallTo(Object(Illuminate\\Database\\Eloquent\\Builder), 'categories', Array)
#2 E:\\360 cloud solution\\OUTLET_PROJECT\\Outlet - Copy - Copy\\app\\Transformers\\Category\\CategoryTransformer.php(34): Illuminate\\Database\\Eloquent\\Model->__call('categories', Array)
#3 [internal function]: App\\Transformers\\Category\\CategoryTransformer->includeCategories(Object(App\\Category), Object(League\\Fractal\\ParamBag))
#4 E:\\360 cloud solution\\OUTLET_PROJECT\\Outlet - Copy - Copy\\vendor\\league\\fractal\\src\\TransformerAbstract.php(190): call_user_func(Array, Object(App\\Category), Object(League\\Fractal\\ParamBag))
#5 E:\\360 cloud solution\\OUTLET_PROJECT\\Outlet - Copy - Copy\\vendor\\league\\fractal\\src\\TransformerAbstract.php(156): League\\Fractal\\TransformerAbstract->callIncludeMethod(Object(League\\Fractal\\Scope), 'categories', Object(App\\Category))
#6 E:\\360 cloud solution\\OUTLET_PROJECT\\Outlet - Copy - Copy\\vendor\\league\\fractal\\src\\TransformerAbstract.php(128): League\\Fractal\\TransformerAbstract->includeResourceIfAvailable(Object(League\\Fractal\\Scope), Object(App\\Category), Array, 'categories')
#7 E:\\360 cloud solution\\OUTLET_PROJECT\\Outlet - Copy - Copy\\vendor\\league\\fractal\\src\\Scope.php(447): League\\Fractal\\TransformerAbstract->processIncludedResources(Object(League\\Fractal\\Scope), Object(App\\Category))
#8 E:\\360 cloud solution\\OUTLET_PROJECT\\Outlet - Copy - Copy\\vendor\\league\\fractal\\src\\Scope.php(423): League\\Fractal\\Scope->fireIncludedTransformers(Object(App\\Transformers\\Category\\CategoryTransformer), Object(App\\Category))
#9 E:\\360 cloud solution\\OUTLET_PROJECT\\Outlet - Copy - Copy\\vendor\\league\\fractal\\src\\Scope.php(361): League\\Fractal\\Scope->fireTransformer(Object(App\\Transformers\\Category\\CategoryTransformer), Object(App\\Category))
#10 E:\\360 cloud solution\\OUTLET_PROJECT\\Outlet - Copy - Copy\\vendor\\league\\fractal\\src\\Scope.php(235): League\\Fractal\\Scope->executeResourceTransformers()
#11 E:\\360 cloud solution\\OUTLET_PROJECT\\Outlet - Copy - Copy\\vendor\\spatie\\fractalistic\\src\\Fractal.php(369): League\\Fractal\\Scope->toArray()
#12 E:\\360 cloud solution\\OUTLET_PROJECT\\Outlet - Copy - Copy\\app\\Traits\\ApiResponser.php(85): Spatie\\Fractalistic\\Fractal->toArray()
#13 E:\\360 cloud solution\\OUTLET_PROJECT\\Outlet - Copy - Copy\\app\\Traits\\ApiResponser.php(49): App\\Http\\Controllers\\ApiController->transformData(Object(Illuminate\\Database\\Eloquent\\Collection), 'App\\\\Transformer...')
#14 E:\\360 cloud solution\\OUTLET_PROJECT\\Outlet - Copy - Copy\\app\\Http\\Controllers\\Category\\CategoryController.php(29): App\\Http\\Controllers\\ApiController->showAll(Object(Illuminate\\Database\\Eloquent\\Collection))
#15 [internal function]: App\\Http\\Controllers\\Category\\CategoryController->index(Object(Illuminate\\Http\\Request))
#16 E:\\360 cloud solution\\OUTLET_PROJECT\\Outlet - Copy - Copy\\vendor\\laravel\\framework\\src\\Illuminate\\Routing\\Controller.php(54): call_user_func_array(Array, Array)
#17 E:\\360 cloud solution\\OUTLET_PROJECT\\Outlet - Copy - Copy\\vendor\\laravel\\framework\\src\\Illuminate\\Routing\\ControllerDispatcher.php(45): Illuminate\\Routing\\Controller->callAction('index', Array)
#18 E:\\360 cloud solution\\OUTLET_PROJECT\\Outlet - Copy - Copy\\vendor\\laravel\\framework\\src\\Illuminate\\Routing\\Route.php(219): Illuminate\\Routing\\ControllerDispatcher->dispatch(Object(Illuminate\\Routing\\Route), Object(App\\Http\\Controllers\\Category\\CategoryController), 'index')
#19 E:\\360 cloud solution\\OUTLET_PROJECT\\Outlet - Copy - Copy\\vendor\\laravel\\framework\\src\\Illuminate\\Routing\\Route.php(176): Illuminate\\Routing\\Route->runController()
#20 E:\\360 cloud solution\\OUTLET_PROJECT\\Outlet - Copy - Copy\\vendor\\laravel\\framework\\src\\Illuminate\\Routing\\Router.php(680): Illuminate\\Routing\\Route->run()
#21 E:\\360 cloud solution\\OUTLET_PROJECT\\Outlet - Copy - Copy\\vendor\\laravel\\framework\\src\\Illuminate\\Routing\\Pipeline.php(30): Illuminate\\Routing\\Router->Illuminate\\Routing\\{closure}(Object(Illuminate\\Http\\Request))
#22 E:\\360 cloud solution\\OUTLET_PROJECT\\Outlet - Copy - Copy\\vendor\\laravel\\framework\\src\\Illuminate\\Routing\\Middleware\\SubstituteBindings.php(41): Illuminate\\Routing\\Pipeline->Illuminate\\Routing\\{closure}(Object(Illuminate\\Http\\Request))
#23 E:\\360 cloud solution\\OUTLET_PROJECT\\Outlet - Copy - Copy\\vendor\\laravel\\framework\\src\\Illuminate\\Pipeline\\Pipeline.php(163): Illuminate\\Routing\\Middleware\\SubstituteBindings->handle(Object(Illuminate\\Http\\Request), Object(Closure))
#24 E:\\360 cloud solution\\OUTLET_PROJECT\\Outlet - Copy - Copy\\vendor\\laravel\\framework\\src\\Illuminate\\Routing\\Pipeline.php(53): Illuminate\\Pipeline\\Pipeline->Illuminate\\Pipeline\\{closure}(Object(Illuminate\\Http\\Request))
#25 E:\\360 cloud solution\\OUTLET_PROJECT\\Outlet - Copy - Copy\\vendor\\laravel\\framework\\src\\Illuminate\\Routing\\Middleware\\ThrottleRequests.php(58): Illuminate\\Routing\\Pipeline->Illuminate\\Routing\\{closure}(Object(Illuminate\\Http\\Request))
#26 E:\\360 cloud solution\\OUTLET_PROJECT\\Outlet - Copy - Copy\\vendor\\laravel\\framework\\src\\Illuminate\\Pipeline\\Pipeline.php(163): Illuminate\\Routing\\Middleware\\ThrottleRequests->handle(Object(Illuminate\\Http\\Request), Object(Closure), 500, '1')
#27 E:\\360 cloud solution\\OUTLET_PROJECT\\Outlet - Copy - Copy\\vendor\\laravel\\framework\\src\\Illuminate\\Routing\\Pipeline.php(53): Illuminate\\Pipeline\\Pipeline->Illuminate\\Pipeline\\{closure}(Object(Illuminate\\Http\\Request))
#28 E:\\360 cloud solution\\OUTLET_PROJECT\\Outlet - Copy - Copy\\vendor\\laravel\\framework\\src\\Illuminate\\Pipeline\\Pipeline.php(104): Illuminate\\Routing\\Pipeline->Illuminate\\Routing\\{closure}(Object(Illuminate\\Http\\Request))
#29 E:\\360 cloud solution\\OUTLET_PROJECT\\Outlet - Copy - Copy\\vendor\\laravel\\framework\\src\\Illuminate\\Routing\\Router.php(682): Illuminate\\Pipeline\\Pipeline->then(Object(Closure))
#30 E:\\360 cloud solution\\OUTLET_PROJECT\\Outlet - Copy - Copy\\vendor\\laravel\\framework\\src\\Illuminate\\Routing\\Router.php(657): Illuminate\\Routing\\Router->runRouteWithinStack(Object(Illuminate\\Routing\\Route), Object(Illuminate\\Http\\Request))
#31 E:\\360 cloud solution\\OUTLET_PROJECT\\Outlet - Copy - Copy\\vendor\\laravel\\framework\\src\\Illuminate\\Routing\\Router.php(623): Illuminate\\Routing\\Router->runRoute(Object(Illuminate\\Http\\Request), Object(Illuminate\\Routing\\Route))
#32 E:\\360 cloud solution\\OUTLET_PROJECT\\Outlet - Copy - Copy\\vendor\\laravel\\framework\\src\\Illuminate\\Routing\\Router.php(612): Illuminate\\Routing\\Router->dispatchToRoute(Object(Illuminate\\Http\\Request))
#33 E:\\360 cloud solution\\OUTLET_PROJECT\\Outlet - Copy - Copy\\vendor\\laravel\\framework\\src\\Illuminate\\Foundation\\Http\\Kernel.php(176): Illuminate\\Routing\\Router->dispatch(Object(Illuminate\\Http\\Request))
#34 E:\\360 cloud solution\\OUTLET_PROJECT\\Outlet - Copy - Copy\\vendor\\laravel\\framework\\src\\Illuminate\\Routing\\Pipeline.php(30): Illuminate\\Foundation\\Http\\Kernel->Illuminate\\Foundation\\Http\\{closure}(Object(Illuminate\\Http\\Request))
#35 E:\\360 cloud solution\\OUTLET_PROJECT\\Outlet - Copy - Copy\\app\\Http\\Cors.php(43): Illuminate\\Routing\\Pipeline->Illuminate\\Routing\\{closure}(Object(Illuminate\\Http\\Request))
#36 E:\\360 cloud solution\\OUTLET_PROJECT\\Outlet - Copy - Copy\\vendor\\laravel\\framework\\src\\Illuminate\\Pipeline\\Pipeline.php(163): App\\Http\\Middleware\\Cors->handle(Object(Illuminate\\Http\\Request), Object(Closure))
#37 E:\\360 cloud solution\\OUTLET_PROJECT\\Outlet - Copy - Copy\\vendor\\laravel\\framework\\src\\Illuminate\\Routing\\Pipeline.php(53): Illuminate\\Pipeline\\Pipeline->Illuminate\\Pipeline\\{closure}(Object(Illuminate\\Http\\Request))
#38 E:\\360 cloud solution\\OUTLET_PROJECT\\Outlet - Copy - Copy\\vendor\\laravel\\framework\\src\\Illuminate\\Foundation\\Http\\Middleware\\TransformsRequest.php(21): Illuminate\\Routing\\Pipeline->Illuminate\\Routing\\{closure}(Object(Illuminate\\Http\\Request))
#39 E:\\360 cloud solution\\OUTLET_PROJECT\\Outlet - Copy - Copy\\vendor\\laravel\\framework\\src\\Illuminate\\Pipeline\\Pipeline.php(163): Illuminate\\Foundation\\Http\\Middleware\\TransformsRequest->handle(Object(Illuminate\\Http\\Request), Object(Closure))
#40 E:\\360 cloud solution\\OUTLET_PROJECT\\Outlet - Copy - Copy\\vendor\\laravel\\framework\\src\\Illuminate\\Routing\\Pipeline.php(53): Illuminate\\Pipeline\\Pipeline->Illuminate\\Pipeline\\{closure}(Object(Illuminate\\Http\\Request))
#41 E:\\360 cloud solution\\OUTLET_PROJECT\\Outlet - Copy - Copy\\vendor\\laravel\\framework\\src\\Illuminate\\Foundation\\Http\\Middleware\\TransformsRequest.php(21): Illuminate\\Routing\\Pipeline->Illuminate\\Routing\\{closure}(Object(Illuminate\\Http\\Request))
#42 E:\\360 cloud solution\\OUTLET_PROJECT\\Outlet - Copy - Copy\\vendor\\laravel\\framework\\src\\Illuminate\\Pipeline\\Pipeline.php(163): Illuminate\\Foundation\\Http\\Middleware\\TransformsRequest->handle(Object(Illuminate\\Http\\Request), Object(Closure))
#43 E:\\360 cloud solution\\OUTLET_PROJECT\\Outlet - Copy - Copy\\vendor\\laravel\\framework\\src\\Illuminate\\Routing\\Pipeline.php(53): Illuminate\\Pipeline\\Pipeline->Illuminate\\Pipeline\\{closure}(Object(Illuminate\\Http\\Request))
#44 E:\\360 cloud solution\\OUTLET_PROJECT\\Outlet - Copy - Copy\\vendor\\laravel\\framework\\src\\Illuminate\\Foundation\\Http\\Middleware\\ValidatePostSize.php(27): Illuminate\\Routing\\Pipeline->Illuminate\\Routing\\{closure}(Object(Illuminate\\Http\\Request))
#45 E:\\360 cloud solution\\OUTLET_PROJECT\\Outlet - Copy - Copy\\vendor\\laravel\\framework\\src\\Illuminate\\Pipeline\\Pipeline.php(163): Illuminate\\Foundation\\Http\\Middleware\\ValidatePostSize->handle(Object(Illuminate\\Http\\Request), Object(Closure))
#46 E:\\360 cloud solution\\OUTLET_PROJECT\\Outlet - Copy - Copy\\vendor\\laravel\\framework\\src\\Illuminate\\Routing\\Pipeline.php(53): Illuminate\\Pipeline\\Pipeline->Illuminate\\Pipeline\\{closure}(Object(Illuminate\\Http\\Request))
#47 E:\\360 cloud solution\\OUTLET_PROJECT\\Outlet - Copy - Copy\\vendor\\laravel\\framework\\src\\Illuminate\\Foundation\\Http\\Middleware\\CheckForMaintenanceMode.php(62): Illuminate\\Routing\\Pipeline->Illuminate\\Routing\\{closure}(Object(Illuminate\\Http\\Request))
#48 E:\\360 cloud solution\\OUTLET_PROJECT\\Outlet - Copy - Copy\\vendor\\laravel\\framework\\src\\Illuminate\\Pipeline\\Pipeline.php(163): Illuminate\\Foundation\\Http\\Middleware\\CheckForMaintenanceMode->handle(Object(Illuminate\\Http\\Request), Object(Closure))
#49 E:\\360 cloud solution\\OUTLET_PROJECT\\Outlet - Copy - Copy\\vendor\\laravel\\framework\\src\\Illuminate\\Routing\\Pipeline.php(53): Illuminate\\Pipeline\\Pipeline->Illuminate\\Pipeline\\{closure}(Object(Illuminate\\Http\\Request))
#50 E:\\360 cloud solution\\OUTLET_PROJECT\\Outlet - Copy - Copy\\vendor\\fideloper\\proxy\\src\\TrustProxies.php(57): Illuminate\\Routing\\Pipeline->Illuminate\\Routing\\{closure}(Object(Illuminate\\Http\\Request))
#51 E:\\360 cloud solution\\OUTLET_PROJECT\\Outlet - Copy - Copy\\vendor\\laravel\\framework\\src\\Illuminate\\Pipeline\\Pipeline.php(163): Fideloper\\Proxy\\TrustProxies->handle(Object(Illuminate\\Http\\Request), Object(Closure))
#52 E:\\360 cloud solution\\OUTLET_PROJECT\\Outlet - Copy - Copy\\vendor\\laravel\\framework\\src\\Illuminate\\Routing\\Pipeline.php(53): Illuminate\\Pipeline\\Pipeline->Illuminate\\Pipeline\\{closure}(Object(Illuminate\\Http\\Request))
#53 E:\\360 cloud solution\\OUTLET_PROJECT\\Outlet - Copy - Copy\\vendor\\laravel\\framework\\src\\Illuminate\\Pipeline\\Pipeline.php(104): Illuminate\\Routing\\Pipeline->Illuminate\\Routing\\{closure}(Object(Illuminate\\Http\\Request))
#54 E:\\360 cloud solution\\OUTLET_PROJECT\\Outlet - Copy - Copy\\vendor\\laravel\\framework\\src\\Illuminate\\Foundation\\Http\\Kernel.php(151): Illuminate\\Pipeline\\Pipeline->then(Object(Closure))
#55 E:\\360 cloud solution\\OUTLET_PROJECT\\Outlet - Copy - Copy\\vendor\\laravel\\framework\\src\\Illuminate\\Foundation\\Http\\Kernel.php(116): Illuminate\\Foundation\\Http\\Kernel->sendRequestThroughRouter(Object(Illuminate\\Http\\Request))
#56 E:\\360 cloud solution\\OUTLET_PROJECT\\Outlet - Copy - Copy\\public\\index.php(55): Illuminate\\Foundation\\Http\\Kernel->handle(Object(Illuminate\\Http\\Request))
#57 E:\\360 cloud solution\\OUTLET_PROJECT\\Outlet - Copy - Copy\\index.php(21): require_once('E:\\\\360 cloud so...')
#58 {main}
"} 
[2020-10-26 20:57:30] Outlet.com.ERROR: Undefined property: App\Transformers\Category\SubCategoryTransformer::$end_point {"exception":"[object] (ErrorException(code: 0): Undefined property: App\\Transformers\\Category\\SubCategoryTransformer::$end_point at E:\\360 cloud solution\\OUTLET_PROJECT\\Outlet - Copy - Copy\\app\\Transformers\\Category\\SubCategoryTransformer.php:15)
[stacktrace]
#0 E:\\360 cloud solution\\OUTLET_PROJECT\\Outlet - Copy - Copy\\app\\Transformers\\Category\\SubCategoryTransformer.php(15): Illuminate\\Foundation\\Bootstrap\\HandleExceptions->handleError(8, 'Undefined prope...', 'E:\\\\360 cloud so...', 15, Array)
#1 E:\\360 cloud solution\\OUTLET_PROJECT\\Outlet - Copy - Copy\\vendor\\league\\fractal\\src\\Scope.php(419): App\\Transformers\\Category\\SubCategoryTransformer->transform(Object(App\\Category))
#2 E:\\360 cloud solution\\OUTLET_PROJECT\\Outlet - Copy - Copy\\vendor\\league\\fractal\\src\\Scope.php(361): League\\Fractal\\Scope->fireTransformer(Object(App\\Transformers\\Category\\SubCategoryTransformer), Object(App\\Category))
#3 E:\\360 cloud solution\\OUTLET_PROJECT\\Outlet - Copy - Copy\\vendor\\league\\fractal\\src\\Scope.php(235): League\\Fractal\\Scope->executeResourceTransformers()
#4 E:\\360 cloud solution\\OUTLET_PROJECT\\Outlet - Copy - Copy\\vendor\\league\\fractal\\src\\TransformerAbstract.php(162): League\\Fractal\\Scope->toArray()
#5 E:\\360 cloud solution\\OUTLET_PROJECT\\Outlet - Copy - Copy\\vendor\\league\\fractal\\src\\TransformerAbstract.php(128): League\\Fractal\\TransformerAbstract->includeResourceIfAvailable(Object(League\\Fractal\\Scope), Object(App\\Category), Array, 'categories')
#6 E:\\360 cloud solution\\OUTLET_PROJECT\\Outlet - Copy - Copy\\vendor\\league\\fractal\\src\\Scope.php(447): League\\Fractal\\TransformerAbstract->processIncludedResources(Object(League\\Fractal\\Scope), Object(App\\Category))
#7 E:\\360 cloud solution\\OUTLET_PROJECT\\Outlet - Copy - Copy\\vendor\\league\\fractal\\src\\Scope.php(423): League\\Fractal\\Scope->fireIncludedTransformers(Object(App\\Transformers\\Category\\CategoryTransformer), Object(App\\Category))
#8 E:\\360 cloud solution\\OUTLET_PROJECT\\Outlet - Copy - Copy\\vendor\\league\\fractal\\src\\Scope.php(361): League\\Fractal\\Scope->fireTransformer(Object(App\\Transformers\\Category\\CategoryTransformer), Object(App\\Category))
#9 E:\\360 cloud solution\\OUTLET_PROJECT\\Outlet - Copy - Copy\\vendor\\league\\fractal\\src\\Scope.php(235): League\\Fractal\\Scope->executeResourceTransformers()
#10 E:\\360 cloud solution\\OUTLET_PROJECT\\Outlet - Copy - Copy\\vendor\\spatie\\fractalistic\\src\\Fractal.php(369): League\\Fractal\\Scope->toArray()
#11 E:\\360 cloud solution\\OUTLET_PROJECT\\Outlet - Copy - Copy\\app\\Traits\\ApiResponser.php(85): Spatie\\Fractalistic\\Fractal->toArray()
#12 E:\\360 cloud solution\\OUTLET_PROJECT\\Outlet - Copy - Copy\\app\\Traits\\ApiResponser.php(49): App\\Http\\Controllers\\ApiController->transformData(Object(Illuminate\\Database\\Eloquent\\Collection), 'App\\\\Transformer...')
#13 E:\\360 cloud solution\\OUTLET_PROJECT\\Outlet - Copy - Copy\\app\\Http\\Controllers\\Category\\CategoryController.php(29): App\\Http\\Controllers\\ApiController->showAll(Object(Illuminate\\Database\\Eloquent\\Collection))
#14 [internal function]: App\\Http\\Controllers\\Category\\CategoryController->index(Object(Illuminate\\Http\\Request))
#15 E:\\360 cloud solution\\OUTLET_PROJECT\\Outlet - Copy - Copy\\vendor\\laravel\\framework\\src\\Illuminate\\Routing\\Controller.php(54): call_user_func_array(Array, Array)
#16 E:\\360 cloud solution\\OUTLET_PROJECT\\Outlet - Copy - Copy\\vendor\\laravel\\framework\\src\\Illuminate\\Routing\\ControllerDispatcher.php(45): Illuminate\\Routing\\Controller->callAction('index', Array)
#17 E:\\360 cloud solution\\OUTLET_PROJECT\\Outlet - Copy - Copy\\vendor\\laravel\\framework\\src\\Illuminate\\Routing\\Route.php(219): Illuminate\\Routing\\ControllerDispatcher->dispatch(Object(Illuminate\\Routing\\Route), Object(App\\Http\\Controllers\\Category\\CategoryController), 'index')
#18 E:\\360 cloud solution\\OUTLET_PROJECT\\Outlet - Copy - Copy\\vendor\\laravel\\framework\\src\\Illuminate\\Routing\\Route.php(176): Illuminate\\Routing\\Route->runController()
#19 E:\\360 cloud solution\\OUTLET_PROJECT\\Outlet - Copy - Copy\\vendor\\laravel\\framework\\src\\Illuminate\\Routing\\Router.php(680): Illuminate\\Routing\\Route->run()
#20 E:\\360 cloud solution\\OUTLET_PROJECT\\Outlet - Copy - Copy\\vendor\\laravel\\framework\\src\\Illuminate\\Routing\\Pipeline.php(30): Illuminate\\Routing\\Router->Illuminate\\Routing\\{closure}(Object(Illuminate\\Http\\Request))
#21 E:\\360 cloud solution\\OUTLET_PROJECT\\Outlet - Copy - Copy\\vendor\\laravel\\framework\\src\\Illuminate\\Routing\\Middleware\\SubstituteBindings.php(41): Illuminate\\Routing\\Pipeline->Illuminate\\Routing\\{closure}(Object(Illuminate\\Http\\Request))
#22 E:\\360 cloud solution\\OUTLET_PROJECT\\Outlet - Copy - Copy\\vendor\\laravel\\framework\\src\\Illuminate\\Pipeline\\Pipeline.php(163): Illuminate\\Routing\\Middleware\\SubstituteBindings->handle(Object(Illuminate\\Http\\Request), Object(Closure))
#23 E:\\360 cloud solution\\OUTLET_PROJECT\\Outlet - Copy - Copy\\vendor\\laravel\\framework\\src\\Illuminate\\Routing\\Pipeline.php(53): Illuminate\\Pipeline\\Pipeline->Illuminate\\Pipeline\\{closure}(Object(Illuminate\\Http\\Request))
#24 E:\\360 cloud solution\\OUTLET_PROJECT\\Outlet - Copy - Copy\\vendor\\laravel\\framework\\src\\Illuminate\\Routing\\Middleware\\ThrottleRequests.php(58): Illuminate\\Routing\\Pipeline->Illuminate\\Routing\\{closure}(Object(Illuminate\\Http\\Request))
#25 E:\\360 cloud solution\\OUTLET_PROJECT\\Outlet - Copy - Copy\\vendor\\laravel\\framework\\src\\Illuminate\\Pipeline\\Pipeline.php(163): Illuminate\\Routing\\Middleware\\ThrottleRequests->handle(Object(Illuminate\\Http\\Request), Object(Closure), 500, '1')
#26 E:\\360 cloud solution\\OUTLET_PROJECT\\Outlet - Copy - Copy\\vendor\\laravel\\framework\\src\\Illuminate\\Routing\\Pipeline.php(53): Illuminate\\Pipeline\\Pipeline->Illuminate\\Pipeline\\{closure}(Object(Illuminate\\Http\\Request))
#27 E:\\360 cloud solution\\OUTLET_PROJECT\\Outlet - Copy - Copy\\vendor\\laravel\\framework\\src\\Illuminate\\Pipeline\\Pipeline.php(104): Illuminate\\Routing\\Pipeline->Illuminate\\Routing\\{closure}(Object(Illuminate\\Http\\Request))
#28 E:\\360 cloud solution\\OUTLET_PROJECT\\Outlet - Copy - Copy\\vendor\\laravel\\framework\\src\\Illuminate\\Routing\\Router.php(682): Illuminate\\Pipeline\\Pipeline->then(Object(Closure))
#29 E:\\360 cloud solution\\OUTLET_PROJECT\\Outlet - Copy - Copy\\vendor\\laravel\\framework\\src\\Illuminate\\Routing\\Router.php(657): Illuminate\\Routing\\Router->runRouteWithinStack(Object(Illuminate\\Routing\\Route), Object(Illuminate\\Http\\Request))
#30 E:\\360 cloud solution\\OUTLET_PROJECT\\Outlet - Copy - Copy\\vendor\\laravel\\framework\\src\\Illuminate\\Routing\\Router.php(623): Illuminate\\Routing\\Router->runRoute(Object(Illuminate\\Http\\Request), Object(Illuminate\\Routing\\Route))
#31 E:\\360 cloud solution\\OUTLET_PROJECT\\Outlet - Copy - Copy\\vendor\\laravel\\framework\\src\\Illuminate\\Routing\\Router.php(612): Illuminate\\Routing\\Router->dispatchToRoute(Object(Illuminate\\Http\\Request))
#32 E:\\360 cloud solution\\OUTLET_PROJECT\\Outlet - Copy - Copy\\vendor\\laravel\\framework\\src\\Illuminate\\Foundation\\Http\\Kernel.php(176): Illuminate\\Routing\\Router->dispatch(Object(Illuminate\\Http\\Request))
#33 E:\\360 cloud solution\\OUTLET_PROJECT\\Outlet - Copy - Copy\\vendor\\laravel\\framework\\src\\Illuminate\\Routing\\Pipeline.php(30): Illuminate\\Foundation\\Http\\Kernel->Illuminate\\Foundation\\Http\\{closure}(Object(Illuminate\\Http\\Request))
#34 E:\\360 cloud solution\\OUTLET_PROJECT\\Outlet - Copy - Copy\\app\\Http\\Cors.php(43): Illuminate\\Routing\\Pipeline->Illuminate\\Routing\\{closure}(Object(Illuminate\\Http\\Request))
#35 E:\\360 cloud solution\\OUTLET_PROJECT\\Outlet - Copy - Copy\\vendor\\laravel\\framework\\src\\Illuminate\\Pipeline\\Pipeline.php(163): App\\Http\\Middleware\\Cors->handle(Object(Illuminate\\Http\\Request), Object(Closure))
#36 E:\\360 cloud solution\\OUTLET_PROJECT\\Outlet - Copy - Copy\\vendor\\laravel\\framework\\src\\Illuminate\\Routing\\Pipeline.php(53): Illuminate\\Pipeline\\Pipeline->Illuminate\\Pipeline\\{closure}(Object(Illuminate\\Http\\Request))
#37 E:\\360 cloud solution\\OUTLET_PROJECT\\Outlet - Copy - Copy\\vendor\\laravel\\framework\\src\\Illuminate\\Foundation\\Http\\Middleware\\TransformsRequest.php(21): Illuminate\\Routing\\Pipeline->Illuminate\\Routing\\{closure}(Object(Illuminate\\Http\\Request))
#38 E:\\360 cloud solution\\OUTLET_PROJECT\\Outlet - Copy - Copy\\vendor\\laravel\\framework\\src\\Illuminate\\Pipeline\\Pipeline.php(163): Illuminate\\Foundation\\Http\\Middleware\\TransformsRequest->handle(Object(Illuminate\\Http\\Request), Object(Closure))
#39 E:\\360 cloud solution\\OUTLET_PROJECT\\Outlet - Copy - Copy\\vendor\\laravel\\framework\\src\\Illuminate\\Routing\\Pipeline.php(53): Illuminate\\Pipeline\\Pipeline->Illuminate\\Pipeline\\{closure}(Object(Illuminate\\Http\\Request))
#40 E:\\360 cloud solution\\OUTLET_PROJECT\\Outlet - Copy - Copy\\vendor\\laravel\\framework\\src\\Illuminate\\Foundation\\Http\\Middleware\\TransformsRequest.php(21): Illuminate\\Routing\\Pipeline->Illuminate\\Routing\\{closure}(Object(Illuminate\\Http\\Request))
#41 E:\\360 cloud solution\\OUTLET_PROJECT\\Outlet - Copy - Copy\\vendor\\laravel\\framework\\src\\Illuminate\\Pipeline\\Pipeline.php(163): Illuminate\\Foundation\\Http\\Middleware\\TransformsRequest->handle(Object(Illuminate\\Http\\Request), Object(Closure))
#42 E:\\360 cloud solution\\OUTLET_PROJECT\\Outlet - Copy - Copy\\vendor\\laravel\\framework\\src\\Illuminate\\Routing\\Pipeline.php(53): Illuminate\\Pipeline\\Pipeline->Illuminate\\Pipeline\\{closure}(Object(Illuminate\\Http\\Request))
#43 E:\\360 cloud solution\\OUTLET_PROJECT\\Outlet - Copy - Copy\\vendor\\laravel\\framework\\src\\Illuminate\\Foundation\\Http\\Middleware\\ValidatePostSize.php(27): Illuminate\\Routing\\Pipeline->Illuminate\\Routing\\{closure}(Object(Illuminate\\Http\\Request))
#44 E:\\360 cloud solution\\OUTLET_PROJECT\\Outlet - Copy - Copy\\vendor\\laravel\\framework\\src\\Illuminate\\Pipeline\\Pipeline.php(163): Illuminate\\Foundation\\Http\\Middleware\\ValidatePostSize->handle(Object(Illuminate\\Http\\Request), Object(Closure))
#45 E:\\360 cloud solution\\OUTLET_PROJECT\\Outlet - Copy - Copy\\vendor\\laravel\\framework\\src\\Illuminate\\Routing\\Pipeline.php(53): Illuminate\\Pipeline\\Pipeline->Illuminate\\Pipeline\\{closure}(Object(Illuminate\\Http\\Request))
#46 E:\\360 cloud solution\\OUTLET_PROJECT\\Outlet - Copy - Copy\\vendor\\laravel\\framework\\src\\Illuminate\\Foundation\\Http\\Middleware\\CheckForMaintenanceMode.php(62): Illuminate\\Routing\\Pipeline->Illuminate\\Routing\\{closure}(Object(Illuminate\\Http\\Request))
#47 E:\\360 cloud solution\\OUTLET_PROJECT\\Outlet - Copy - Copy\\vendor\\laravel\\framework\\src\\Illuminate\\Pipeline\\Pipeline.php(163): Illuminate\\Foundation\\Http\\Middleware\\CheckForMaintenanceMode->handle(Object(Illuminate\\Http\\Request), Object(Closure))
#48 E:\\360 cloud solution\\OUTLET_PROJECT\\Outlet - Copy - Copy\\vendor\\laravel\\framework\\src\\Illuminate\\Routing\\Pipeline.php(53): Illuminate\\Pipeline\\Pipeline->Illuminate\\Pipeline\\{closure}(Object(Illuminate\\Http\\Request))
#49 E:\\360 cloud solution\\OUTLET_PROJECT\\Outlet - Copy - Copy\\vendor\\fideloper\\proxy\\src\\TrustProxies.php(57): Illuminate\\Routing\\Pipeline->Illuminate\\Routing\\{closure}(Object(Illuminate\\Http\\Request))
#50 E:\\360 cloud solution\\OUTLET_PROJECT\\Outlet - Copy - Copy\\vendor\\laravel\\framework\\src\\Illuminate\\Pipeline\\Pipeline.php(163): Fideloper\\Proxy\\TrustProxies->handle(Object(Illuminate\\Http\\Request), Object(Closure))
#51 E:\\360 cloud solution\\OUTLET_PROJECT\\Outlet - Copy - Copy\\vendor\\laravel\\framework\\src\\Illuminate\\Routing\\Pipeline.php(53): Illuminate\\Pipeline\\Pipeline->Illuminate\\Pipeline\\{closure}(Object(Illuminate\\Http\\Request))
#52 E:\\360 cloud solution\\OUTLET_PROJECT\\Outlet - Copy - Copy\\vendor\\laravel\\framework\\src\\Illuminate\\Pipeline\\Pipeline.php(104): Illuminate\\Routing\\Pipeline->Illuminate\\Routing\\{closure}(Object(Illuminate\\Http\\Request))
#53 E:\\360 cloud solution\\OUTLET_PROJECT\\Outlet - Copy - Copy\\vendor\\laravel\\framework\\src\\Illuminate\\Foundation\\Http\\Kernel.php(151): Illuminate\\Pipeline\\Pipeline->then(Object(Closure))
#54 E:\\360 cloud solution\\OUTLET_PROJECT\\Outlet - Copy - Copy\\vendor\\laravel\\framework\\src\\Illuminate\\Foundation\\Http\\Kernel.php(116): Illuminate\\Foundation\\Http\\Kernel->sendRequestThroughRouter(Object(Illuminate\\Http\\Request))
#55 E:\\360 cloud solution\\OUTLET_PROJECT\\Outlet - Copy - Copy\\public\\index.php(55): Illuminate\\Foundation\\Http\\Kernel->handle(Object(Illuminate\\Http\\Request))
#56 E:\\360 cloud solution\\OUTLET_PROJECT\\Outlet - Copy - Copy\\index.php(21): require_once('E:\\\\360 cloud so...')
#57 {main}
"} 
[2020-10-26 21:08:49] Outlet.com.ERROR: Cannot use object of type League\Fractal\Resource\Collection as array {"exception":"[object] (Symfony\\Component\\Debug\\Exception\\FatalThrowableError(code: 0): Cannot use object of type League\\Fractal\\Resource\\Collection as array at E:\\360 cloud solution\\OUTLET_PROJECT\\Outlet - Copy - Copy\\app\\Transformers\\Category\\CategoryTransformer.php:33)
[stacktrace]
#0 [internal function]: App\\Transformers\\Category\\CategoryTransformer->includeCategories(Object(App\\Category), Object(League\\Fractal\\ParamBag))
#1 E:\\360 cloud solution\\OUTLET_PROJECT\\Outlet - Copy - Copy\\vendor\\league\\fractal\\src\\TransformerAbstract.php(190): call_user_func(Array, Object(App\\Category), Object(League\\Fractal\\ParamBag))
#2 E:\\360 cloud solution\\OUTLET_PROJECT\\Outlet - Copy - Copy\\vendor\\league\\fractal\\src\\TransformerAbstract.php(156): League\\Fractal\\TransformerAbstract->callIncludeMethod(Object(League\\Fractal\\Scope), 'categories', Object(App\\Category))
#3 E:\\360 cloud solution\\OUTLET_PROJECT\\Outlet - Copy - Copy\\vendor\\league\\fractal\\src\\TransformerAbstract.php(128): League\\Fractal\\TransformerAbstract->includeResourceIfAvailable(Object(League\\Fractal\\Scope), Object(App\\Category), Array, 'categories')
#4 E:\\360 cloud solution\\OUTLET_PROJECT\\Outlet - Copy - Copy\\vendor\\league\\fractal\\src\\Scope.php(447): League\\Fractal\\TransformerAbstract->processIncludedResources(Object(League\\Fractal\\Scope), Object(App\\Category))
#5 E:\\360 cloud solution\\OUTLET_PROJECT\\Outlet - Copy - Copy\\vendor\\league\\fractal\\src\\Scope.php(423): League\\Fractal\\Scope->fireIncludedTransformers(Object(App\\Transformers\\Category\\CategoryTransformer), Object(App\\Category))
#6 E:\\360 cloud solution\\OUTLET_PROJECT\\Outlet - Copy - Copy\\vendor\\league\\fractal\\src\\Scope.php(361): League\\Fractal\\Scope->fireTransformer(Object(App\\Transformers\\Category\\CategoryTransformer), Object(App\\Category))
#7 E:\\360 cloud solution\\OUTLET_PROJECT\\Outlet - Copy - Copy\\vendor\\league\\fractal\\src\\Scope.php(235): League\\Fractal\\Scope->executeResourceTransformers()
#8 E:\\360 cloud solution\\OUTLET_PROJECT\\Outlet - Copy - Copy\\vendor\\spatie\\fractalistic\\src\\Fractal.php(369): League\\Fractal\\Scope->toArray()
#9 E:\\360 cloud solution\\OUTLET_PROJECT\\Outlet - Copy - Copy\\app\\Traits\\ApiResponser.php(85): Spatie\\Fractalistic\\Fractal->toArray()
#10 E:\\360 cloud solution\\OUTLET_PROJECT\\Outlet - Copy - Copy\\app\\Traits\\ApiResponser.php(49): App\\Http\\Controllers\\ApiController->transformData(Object(Illuminate\\Database\\Eloquent\\Collection), 'App\\\\Transformer...')
#11 E:\\360 cloud solution\\OUTLET_PROJECT\\Outlet - Copy - Copy\\app\\Http\\Controllers\\Category\\CategoryController.php(29): App\\Http\\Controllers\\ApiController->showAll(Object(Illuminate\\Database\\Eloquent\\Collection))
#12 [internal function]: App\\Http\\Controllers\\Category\\CategoryController->index(Object(Illuminate\\Http\\Request))
#13 E:\\360 cloud solution\\OUTLET_PROJECT\\Outlet - Copy - Copy\\vendor\\laravel\\framework\\src\\Illuminate\\Routing\\Controller.php(54): call_user_func_array(Array, Array)
#14 E:\\360 cloud solution\\OUTLET_PROJECT\\Outlet - Copy - Copy\\vendor\\laravel\\framework\\src\\Illuminate\\Routing\\ControllerDispatcher.php(45): Illuminate\\Routing\\Controller->callAction('index', Array)
#15 E:\\360 cloud solution\\OUTLET_PROJECT\\Outlet - Copy - Copy\\vendor\\laravel\\framework\\src\\Illuminate\\Routing\\Route.php(219): Illuminate\\Routing\\ControllerDispatcher->dispatch(Object(Illuminate\\Routing\\Route), Object(App\\Http\\Controllers\\Category\\CategoryController), 'index')
#16 E:\\360 cloud solution\\OUTLET_PROJECT\\Outlet - Copy - Copy\\vendor\\laravel\\framework\\src\\Illuminate\\Routing\\Route.php(176): Illuminate\\Routing\\Route->runController()
#17 E:\\360 cloud solution\\OUTLET_PROJECT\\Outlet - Copy - Copy\\vendor\\laravel\\framework\\src\\Illuminate\\Routing\\Router.php(680): Illuminate\\Routing\\Route->run()
#18 E:\\360 cloud solution\\OUTLET_PROJECT\\Outlet - Copy - Copy\\vendor\\laravel\\framework\\src\\Illuminate\\Routing\\Pipeline.php(30): Illuminate\\Routing\\Router->Illuminate\\Routing\\{closure}(Object(Illuminate\\Http\\Request))
#19 E:\\360 cloud solution\\OUTLET_PROJECT\\Outlet - Copy - Copy\\vendor\\laravel\\framework\\src\\Illuminate\\Routing\\Middleware\\SubstituteBindings.php(41): Illuminate\\Routing\\Pipeline->Illuminate\\Routing\\{closure}(Object(Illuminate\\Http\\Request))
#20 E:\\360 cloud solution\\OUTLET_PROJECT\\Outlet - Copy - Copy\\vendor\\laravel\\framework\\src\\Illuminate\\Pipeline\\Pipeline.php(163): Illuminate\\Routing\\Middleware\\SubstituteBindings->handle(Object(Illuminate\\Http\\Request), Object(Closure))
#21 E:\\360 cloud solution\\OUTLET_PROJECT\\Outlet - Copy - Copy\\vendor\\laravel\\framework\\src\\Illuminate\\Routing\\Pipeline.php(53): Illuminate\\Pipeline\\Pipeline->Illuminate\\Pipeline\\{closure}(Object(Illuminate\\Http\\Request))
#22 E:\\360 cloud solution\\OUTLET_PROJECT\\Outlet - Copy - Copy\\vendor\\laravel\\framework\\src\\Illuminate\\Routing\\Middleware\\ThrottleRequests.php(58): Illuminate\\Routing\\Pipeline->Illuminate\\Routing\\{closure}(Object(Illuminate\\Http\\Request))
#23 E:\\360 cloud solution\\OUTLET_PROJECT\\Outlet - Copy - Copy\\vendor\\laravel\\framework\\src\\Illuminate\\Pipeline\\Pipeline.php(163): Illuminate\\Routing\\Middleware\\ThrottleRequests->handle(Object(Illuminate\\Http\\Request), Object(Closure), 500, '1')
#24 E:\\360 cloud solution\\OUTLET_PROJECT\\Outlet - Copy - Copy\\vendor\\laravel\\framework\\src\\Illuminate\\Routing\\Pipeline.php(53): Illuminate\\Pipeline\\Pipeline->Illuminate\\Pipeline\\{closure}(Object(Illuminate\\Http\\Request))
#25 E:\\360 cloud solution\\OUTLET_PROJECT\\Outlet - Copy - Copy\\vendor\\laravel\\framework\\src\\Illuminate\\Pipeline\\Pipeline.php(104): Illuminate\\Routing\\Pipeline->Illuminate\\Routing\\{closure}(Object(Illuminate\\Http\\Request))
#26 E:\\360 cloud solution\\OUTLET_PROJECT\\Outlet - Copy - Copy\\vendor\\laravel\\framework\\src\\Illuminate\\Routing\\Router.php(682): Illuminate\\Pipeline\\Pipeline->then(Object(Closure))
#27 E:\\360 cloud solution\\OUTLET_PROJECT\\Outlet - Copy - Copy\\vendor\\laravel\\framework\\src\\Illuminate\\Routing\\Router.php(657): Illuminate\\Routing\\Router->runRouteWithinStack(Object(Illuminate\\Routing\\Route), Object(Illuminate\\Http\\Request))
#28 E:\\360 cloud solution\\OUTLET_PROJECT\\Outlet - Copy - Copy\\vendor\\laravel\\framework\\src\\Illuminate\\Routing\\Router.php(623): Illuminate\\Routing\\Router->runRoute(Object(Illuminate\\Http\\Request), Object(Illuminate\\Routing\\Route))
#29 E:\\360 cloud solution\\OUTLET_PROJECT\\Outlet - Copy - Copy\\vendor\\laravel\\framework\\src\\Illuminate\\Routing\\Router.php(612): Illuminate\\Routing\\Router->dispatchToRoute(Object(Illuminate\\Http\\Request))
#30 E:\\360 cloud solution\\OUTLET_PROJECT\\Outlet - Copy - Copy\\vendor\\laravel\\framework\\src\\Illuminate\\Foundation\\Http\\Kernel.php(176): Illuminate\\Routing\\Router->dispatch(Object(Illuminate\\Http\\Request))
#31 E:\\360 cloud solution\\OUTLET_PROJECT\\Outlet - Copy - Copy\\vendor\\laravel\\framework\\src\\Illuminate\\Routing\\Pipeline.php(30): Illuminate\\Foundation\\Http\\Kernel->Illuminate\\Foundation\\Http\\{closure}(Object(Illuminate\\Http\\Request))
#32 E:\\360 cloud solution\\OUTLET_PROJECT\\Outlet - Copy - Copy\\app\\Http\\Cors.php(43): Illuminate\\Routing\\Pipeline->Illuminate\\Routing\\{closure}(Object(Illuminate\\Http\\Request))
#33 E:\\360 cloud solution\\OUTLET_PROJECT\\Outlet - Copy - Copy\\vendor\\laravel\\framework\\src\\Illuminate\\Pipeline\\Pipeline.php(163): App\\Http\\Middleware\\Cors->handle(Object(Illuminate\\Http\\Request), Object(Closure))
#34 E:\\360 cloud solution\\OUTLET_PROJECT\\Outlet - Copy - Copy\\vendor\\laravel\\framework\\src\\Illuminate\\Routing\\Pipeline.php(53): Illuminate\\Pipeline\\Pipeline->Illuminate\\Pipeline\\{closure}(Object(Illuminate\\Http\\Request))
#35 E:\\360 cloud solution\\OUTLET_PROJECT\\Outlet - Copy - Copy\\vendor\\laravel\\framework\\src\\Illuminate\\Foundation\\Http\\Middleware\\TransformsRequest.php(21): Illuminate\\Routing\\Pipeline->Illuminate\\Routing\\{closure}(Object(Illuminate\\Http\\Request))
#36 E:\\360 cloud solution\\OUTLET_PROJECT\\Outlet - Copy - Copy\\vendor\\laravel\\framework\\src\\Illuminate\\Pipeline\\Pipeline.php(163): Illuminate\\Foundation\\Http\\Middleware\\TransformsRequest->handle(Object(Illuminate\\Http\\Request), Object(Closure))
#37 E:\\360 cloud solution\\OUTLET_PROJECT\\Outlet - Copy - Copy\\vendor\\laravel\\framework\\src\\Illuminate\\Routing\\Pipeline.php(53): Illuminate\\Pipeline\\Pipeline->Illuminate\\Pipeline\\{closure}(Object(Illuminate\\Http\\Request))
#38 E:\\360 cloud solution\\OUTLET_PROJECT\\Outlet - Copy - Copy\\vendor\\laravel\\framework\\src\\Illuminate\\Foundation\\Http\\Middleware\\TransformsRequest.php(21): Illuminate\\Routing\\Pipeline->Illuminate\\Routing\\{closure}(Object(Illuminate\\Http\\Request))
#39 E:\\360 cloud solution\\OUTLET_PROJECT\\Outlet - Copy - Copy\\vendor\\laravel\\framework\\src\\Illuminate\\Pipeline\\Pipeline.php(163): Illuminate\\Foundation\\Http\\Middleware\\TransformsRequest->handle(Object(Illuminate\\Http\\Request), Object(Closure))
#40 E:\\360 cloud solution\\OUTLET_PROJECT\\Outlet - Copy - Copy\\vendor\\laravel\\framework\\src\\Illuminate\\Routing\\Pipeline.php(53): Illuminate\\Pipeline\\Pipeline->Illuminate\\Pipeline\\{closure}(Object(Illuminate\\Http\\Request))
#41 E:\\360 cloud solution\\OUTLET_PROJECT\\Outlet - Copy - Copy\\vendor\\laravel\\framework\\src\\Illuminate\\Foundation\\Http\\Middleware\\ValidatePostSize.php(27): Illuminate\\Routing\\Pipeline->Illuminate\\Routing\\{closure}(Object(Illuminate\\Http\\Request))
#42 E:\\360 cloud solution\\OUTLET_PROJECT\\Outlet - Copy - Copy\\vendor\\laravel\\framework\\src\\Illuminate\\Pipeline\\Pipeline.php(163): Illuminate\\Foundation\\Http\\Middleware\\ValidatePostSize->handle(Object(Illuminate\\Http\\Request), Object(Closure))
#43 E:\\360 cloud solution\\OUTLET_PROJECT\\Outlet - Copy - Copy\\vendor\\laravel\\framework\\src\\Illuminate\\Routing\\Pipeline.php(53): Illuminate\\Pipeline\\Pipeline->Illuminate\\Pipeline\\{closure}(Object(Illuminate\\Http\\Request))
#44 E:\\360 cloud solution\\OUTLET_PROJECT\\Outlet - Copy - Copy\\vendor\\laravel\\framework\\src\\Illuminate\\Foundation\\Http\\Middleware\\CheckForMaintenanceMode.php(62): Illuminate\\Routing\\Pipeline->Illuminate\\Routing\\{closure}(Object(Illuminate\\Http\\Request))
#45 E:\\360 cloud solution\\OUTLET_PROJECT\\Outlet - Copy - Copy\\vendor\\laravel\\framework\\src\\Illuminate\\Pipeline\\Pipeline.php(163): Illuminate\\Foundation\\Http\\Middleware\\CheckForMaintenanceMode->handle(Object(Illuminate\\Http\\Request), Object(Closure))
#46 E:\\360 cloud solution\\OUTLET_PROJECT\\Outlet - Copy - Copy\\vendor\\laravel\\framework\\src\\Illuminate\\Routing\\Pipeline.php(53): Illuminate\\Pipeline\\Pipeline->Illuminate\\Pipeline\\{closure}(Object(Illuminate\\Http\\Request))
#47 E:\\360 cloud solution\\OUTLET_PROJECT\\Outlet - Copy - Copy\\vendor\\fideloper\\proxy\\src\\TrustProxies.php(57): Illuminate\\Routing\\Pipeline->Illuminate\\Routing\\{closure}(Object(Illuminate\\Http\\Request))
#48 E:\\360 cloud solution\\OUTLET_PROJECT\\Outlet - Copy - Copy\\vendor\\laravel\\framework\\src\\Illuminate\\Pipeline\\Pipeline.php(163): Fideloper\\Proxy\\TrustProxies->handle(Object(Illuminate\\Http\\Request), Object(Closure))
#49 E:\\360 cloud solution\\OUTLET_PROJECT\\Outlet - Copy - Copy\\vendor\\laravel\\framework\\src\\Illuminate\\Routing\\Pipeline.php(53): Illuminate\\Pipeline\\Pipeline->Illuminate\\Pipeline\\{closure}(Object(Illuminate\\Http\\Request))
#50 E:\\360 cloud solution\\OUTLET_PROJECT\\Outlet - Copy - Copy\\vendor\\laravel\\framework\\src\\Illuminate\\Pipeline\\Pipeline.php(104): Illuminate\\Routing\\Pipeline->Illuminate\\Routing\\{closure}(Object(Illuminate\\Http\\Request))
#51 E:\\360 cloud solution\\OUTLET_PROJECT\\Outlet - Copy - Copy\\vendor\\laravel\\framework\\src\\Illuminate\\Foundation\\Http\\Kernel.php(151): Illuminate\\Pipeline\\Pipeline->then(Object(Closure))
#52 E:\\360 cloud solution\\OUTLET_PROJECT\\Outlet - Copy - Copy\\vendor\\laravel\\framework\\src\\Illuminate\\Foundation\\Http\\Kernel.php(116): Illuminate\\Foundation\\Http\\Kernel->sendRequestThroughRouter(Object(Illuminate\\Http\\Request))
#53 E:\\360 cloud solution\\OUTLET_PROJECT\\Outlet - Copy - Copy\\public\\index.php(55): Illuminate\\Foundation\\Http\\Kernel->handle(Object(Illuminate\\Http\\Request))
#54 E:\\360 cloud solution\\OUTLET_PROJECT\\Outlet - Copy - Copy\\index.php(21): require_once('E:\\\\360 cloud so...')
#55 {main}
"} 
[2020-10-26 21:11:06] Outlet.com.ERROR: Class 'App\Transformers\Category\Ar\SubCategoryTransformer' not found {"exception":"[object] (Symfony\\Component\\Debug\\Exception\\FatalThrowableError(code: 0): Class 'App\\Transformers\\Category\\Ar\\SubCategoryTransformer' not found at E:\\360 cloud solution\\OUTLET_PROJECT\\Outlet - Copy - Copy\\app\\Transformers\\Category\\Ar\\Ar_CategoryTransformer.php:32)
[stacktrace]
#0 [internal function]: App\\Transformers\\Category\\Ar\\Ar_CategoryTransformer->includeCategories(Object(App\\Category), Object(League\\Fractal\\ParamBag))
#1 E:\\360 cloud solution\\OUTLET_PROJECT\\Outlet - Copy - Copy\\vendor\\league\\fractal\\src\\TransformerAbstract.php(190): call_user_func(Array, Object(App\\Category), Object(League\\Fractal\\ParamBag))
#2 E:\\360 cloud solution\\OUTLET_PROJECT\\Outlet - Copy - Copy\\vendor\\league\\fractal\\src\\TransformerAbstract.php(156): League\\Fractal\\TransformerAbstract->callIncludeMethod(Object(League\\Fractal\\Scope), 'categories', Object(App\\Category))
#3 E:\\360 cloud solution\\OUTLET_PROJECT\\Outlet - Copy - Copy\\vendor\\league\\fractal\\src\\TransformerAbstract.php(128): League\\Fractal\\TransformerAbstract->includeResourceIfAvailable(Object(League\\Fractal\\Scope), Object(App\\Category), Array, 'categories')
#4 E:\\360 cloud solution\\OUTLET_PROJECT\\Outlet - Copy - Copy\\vendor\\league\\fractal\\src\\Scope.php(447): League\\Fractal\\TransformerAbstract->processIncludedResources(Object(League\\Fractal\\Scope), Object(App\\Category))
#5 E:\\360 cloud solution\\OUTLET_PROJECT\\Outlet - Copy - Copy\\vendor\\league\\fractal\\src\\Scope.php(423): League\\Fractal\\Scope->fireIncludedTransformers(Object(App\\Transformers\\Category\\Ar\\Ar_CategoryTransformer), Object(App\\Category))
#6 E:\\360 cloud solution\\OUTLET_PROJECT\\Outlet - Copy - Copy\\vendor\\league\\fractal\\src\\Scope.php(361): League\\Fractal\\Scope->fireTransformer(Object(App\\Transformers\\Category\\Ar\\Ar_CategoryTransformer), Object(App\\Category))
#7 E:\\360 cloud solution\\OUTLET_PROJECT\\Outlet - Copy - Copy\\vendor\\league\\fractal\\src\\Scope.php(235): League\\Fractal\\Scope->executeResourceTransformers()
#8 E:\\360 cloud solution\\OUTLET_PROJECT\\Outlet - Copy - Copy\\vendor\\spatie\\fractalistic\\src\\Fractal.php(369): League\\Fractal\\Scope->toArray()
#9 E:\\360 cloud solution\\OUTLET_PROJECT\\Outlet - Copy - Copy\\app\\Traits\\ApiResponser.php(85): Spatie\\Fractalistic\\Fractal->toArray()
#10 E:\\360 cloud solution\\OUTLET_PROJECT\\Outlet - Copy - Copy\\app\\Traits\\ApiResponser.php(49): App\\Http\\Controllers\\ApiController->transformData(Object(Illuminate\\Database\\Eloquent\\Collection), 'App\\\\Transformer...')
#11 E:\\360 cloud solution\\OUTLET_PROJECT\\Outlet - Copy - Copy\\app\\Http\\Controllers\\Category\\CategoryController.php(27): App\\Http\\Controllers\\ApiController->showAll(Object(Illuminate\\Database\\Eloquent\\Collection), 'App\\\\Transformer...')
#12 [internal function]: App\\Http\\Controllers\\Category\\CategoryController->index(Object(Illuminate\\Http\\Request))
#13 E:\\360 cloud solution\\OUTLET_PROJECT\\Outlet - Copy - Copy\\vendor\\laravel\\framework\\src\\Illuminate\\Routing\\Controller.php(54): call_user_func_array(Array, Array)
#14 E:\\360 cloud solution\\OUTLET_PROJECT\\Outlet - Copy - Copy\\vendor\\laravel\\framework\\src\\Illuminate\\Routing\\ControllerDispatcher.php(45): Illuminate\\Routing\\Controller->callAction('index', Array)
#15 E:\\360 cloud solution\\OUTLET_PROJECT\\Outlet - Copy - Copy\\vendor\\laravel\\framework\\src\\Illuminate\\Routing\\Route.php(219): Illuminate\\Routing\\ControllerDispatcher->dispatch(Object(Illuminate\\Routing\\Route), Object(App\\Http\\Controllers\\Category\\CategoryController), 'index')
#16 E:\\360 cloud solution\\OUTLET_PROJECT\\Outlet - Copy - Copy\\vendor\\laravel\\framework\\src\\Illuminate\\Routing\\Route.php(176): Illuminate\\Routing\\Route->runController()
#17 E:\\360 cloud solution\\OUTLET_PROJECT\\Outlet - Copy - Copy\\vendor\\laravel\\framework\\src\\Illuminate\\Routing\\Router.php(680): Illuminate\\Routing\\Route->run()
#18 E:\\360 cloud solution\\OUTLET_PROJECT\\Outlet - Copy - Copy\\vendor\\laravel\\framework\\src\\Illuminate\\Routing\\Pipeline.php(30): Illuminate\\Routing\\Router->Illuminate\\Routing\\{closure}(Object(Illuminate\\Http\\Request))
#19 E:\\360 cloud solution\\OUTLET_PROJECT\\Outlet - Copy - Copy\\vendor\\laravel\\framework\\src\\Illuminate\\Routing\\Middleware\\SubstituteBindings.php(41): Illuminate\\Routing\\Pipeline->Illuminate\\Routing\\{closure}(Object(Illuminate\\Http\\Request))
#20 E:\\360 cloud solution\\OUTLET_PROJECT\\Outlet - Copy - Copy\\vendor\\laravel\\framework\\src\\Illuminate\\Pipeline\\Pipeline.php(163): Illuminate\\Routing\\Middleware\\SubstituteBindings->handle(Object(Illuminate\\Http\\Request), Object(Closure))
#21 E:\\360 cloud solution\\OUTLET_PROJECT\\Outlet - Copy - Copy\\vendor\\laravel\\framework\\src\\Illuminate\\Routing\\Pipeline.php(53): Illuminate\\Pipeline\\Pipeline->Illuminate\\Pipeline\\{closure}(Object(Illuminate\\Http\\Request))
#22 E:\\360 cloud solution\\OUTLET_PROJECT\\Outlet - Copy - Copy\\vendor\\laravel\\framework\\src\\Illuminate\\Routing\\Middleware\\ThrottleRequests.php(58): Illuminate\\Routing\\Pipeline->Illuminate\\Routing\\{closure}(Object(Illuminate\\Http\\Request))
#23 E:\\360 cloud solution\\OUTLET_PROJECT\\Outlet - Copy - Copy\\vendor\\laravel\\framework\\src\\Illuminate\\Pipeline\\Pipeline.php(163): Illuminate\\Routing\\Middleware\\ThrottleRequests->handle(Object(Illuminate\\Http\\Request), Object(Closure), 500, '1')
#24 E:\\360 cloud solution\\OUTLET_PROJECT\\Outlet - Copy - Copy\\vendor\\laravel\\framework\\src\\Illuminate\\Routing\\Pipeline.php(53): Illuminate\\Pipeline\\Pipeline->Illuminate\\Pipeline\\{closure}(Object(Illuminate\\Http\\Request))
#25 E:\\360 cloud solution\\OUTLET_PROJECT\\Outlet - Copy - Copy\\vendor\\laravel\\framework\\src\\Illuminate\\Pipeline\\Pipeline.php(104): Illuminate\\Routing\\Pipeline->Illuminate\\Routing\\{closure}(Object(Illuminate\\Http\\Request))
#26 E:\\360 cloud solution\\OUTLET_PROJECT\\Outlet - Copy - Copy\\vendor\\laravel\\framework\\src\\Illuminate\\Routing\\Router.php(682): Illuminate\\Pipeline\\Pipeline->then(Object(Closure))
#27 E:\\360 cloud solution\\OUTLET_PROJECT\\Outlet - Copy - Copy\\vendor\\laravel\\framework\\src\\Illuminate\\Routing\\Router.php(657): Illuminate\\Routing\\Router->runRouteWithinStack(Object(Illuminate\\Routing\\Route), Object(Illuminate\\Http\\Request))
#28 E:\\360 cloud solution\\OUTLET_PROJECT\\Outlet - Copy - Copy\\vendor\\laravel\\framework\\src\\Illuminate\\Routing\\Router.php(623): Illuminate\\Routing\\Router->runRoute(Object(Illuminate\\Http\\Request), Object(Illuminate\\Routing\\Route))
#29 E:\\360 cloud solution\\OUTLET_PROJECT\\Outlet - Copy - Copy\\vendor\\laravel\\framework\\src\\Illuminate\\Routing\\Router.php(612): Illuminate\\Routing\\Router->dispatchToRoute(Object(Illuminate\\Http\\Request))
#30 E:\\360 cloud solution\\OUTLET_PROJECT\\Outlet - Copy - Copy\\vendor\\laravel\\framework\\src\\Illuminate\\Foundation\\Http\\Kernel.php(176): Illuminate\\Routing\\Router->dispatch(Object(Illuminate\\Http\\Request))
#31 E:\\360 cloud solution\\OUTLET_PROJECT\\Outlet - Copy - Copy\\vendor\\laravel\\framework\\src\\Illuminate\\Routing\\Pipeline.php(30): Illuminate\\Foundation\\Http\\Kernel->Illuminate\\Foundation\\Http\\{closure}(Object(Illuminate\\Http\\Request))
#32 E:\\360 cloud solution\\OUTLET_PROJECT\\Outlet - Copy - Copy\\app\\Http\\Cors.php(43): Illuminate\\Routing\\Pipeline->Illuminate\\Routing\\{closure}(Object(Illuminate\\Http\\Request))
#33 E:\\360 cloud solution\\OUTLET_PROJECT\\Outlet - Copy - Copy\\vendor\\laravel\\framework\\src\\Illuminate\\Pipeline\\Pipeline.php(163): App\\Http\\Middleware\\Cors->handle(Object(Illuminate\\Http\\Request), Object(Closure))
#34 E:\\360 cloud solution\\OUTLET_PROJECT\\Outlet - Copy - Copy\\vendor\\laravel\\framework\\src\\Illuminate\\Routing\\Pipeline.php(53): Illuminate\\Pipeline\\Pipeline->Illuminate\\Pipeline\\{closure}(Object(Illuminate\\Http\\Request))
#35 E:\\360 cloud solution\\OUTLET_PROJECT\\Outlet - Copy - Copy\\vendor\\laravel\\framework\\src\\Illuminate\\Foundation\\Http\\Middleware\\TransformsRequest.php(21): Illuminate\\Routing\\Pipeline->Illuminate\\Routing\\{closure}(Object(Illuminate\\Http\\Request))
#36 E:\\360 cloud solution\\OUTLET_PROJECT\\Outlet - Copy - Copy\\vendor\\laravel\\framework\\src\\Illuminate\\Pipeline\\Pipeline.php(163): Illuminate\\Foundation\\Http\\Middleware\\TransformsRequest->handle(Object(Illuminate\\Http\\Request), Object(Closure))
#37 E:\\360 cloud solution\\OUTLET_PROJECT\\Outlet - Copy - Copy\\vendor\\laravel\\framework\\src\\Illuminate\\Routing\\Pipeline.php(53): Illuminate\\Pipeline\\Pipeline->Illuminate\\Pipeline\\{closure}(Object(Illuminate\\Http\\Request))
#38 E:\\360 cloud solution\\OUTLET_PROJECT\\Outlet - Copy - Copy\\vendor\\laravel\\framework\\src\\Illuminate\\Foundation\\Http\\Middleware\\TransformsRequest.php(21): Illuminate\\Routing\\Pipeline->Illuminate\\Routing\\{closure}(Object(Illuminate\\Http\\Request))
#39 E:\\360 cloud solution\\OUTLET_PROJECT\\Outlet - Copy - Copy\\vendor\\laravel\\framework\\src\\Illuminate\\Pipeline\\Pipeline.php(163): Illuminate\\Foundation\\Http\\Middleware\\TransformsRequest->handle(Object(Illuminate\\Http\\Request), Object(Closure))
#40 E:\\360 cloud solution\\OUTLET_PROJECT\\Outlet - Copy - Copy\\vendor\\laravel\\framework\\src\\Illuminate\\Routing\\Pipeline.php(53): Illuminate\\Pipeline\\Pipeline->Illuminate\\Pipeline\\{closure}(Object(Illuminate\\Http\\Request))
#41 E:\\360 cloud solution\\OUTLET_PROJECT\\Outlet - Copy - Copy\\vendor\\laravel\\framework\\src\\Illuminate\\Foundation\\Http\\Middleware\\ValidatePostSize.php(27): Illuminate\\Routing\\Pipeline->Illuminate\\Routing\\{closure}(Object(Illuminate\\Http\\Request))
#42 E:\\360 cloud solution\\OUTLET_PROJECT\\Outlet - Copy - Copy\\vendor\\laravel\\framework\\src\\Illuminate\\Pipeline\\Pipeline.php(163): Illuminate\\Foundation\\Http\\Middleware\\ValidatePostSize->handle(Object(Illuminate\\Http\\Request), Object(Closure))
#43 E:\\360 cloud solution\\OUTLET_PROJECT\\Outlet - Copy - Copy\\vendor\\laravel\\framework\\src\\Illuminate\\Routing\\Pipeline.php(53): Illuminate\\Pipeline\\Pipeline->Illuminate\\Pipeline\\{closure}(Object(Illuminate\\Http\\Request))
#44 E:\\360 cloud solution\\OUTLET_PROJECT\\Outlet - Copy - Copy\\vendor\\laravel\\framework\\src\\Illuminate\\Foundation\\Http\\Middleware\\CheckForMaintenanceMode.php(62): Illuminate\\Routing\\Pipeline->Illuminate\\Routing\\{closure}(Object(Illuminate\\Http\\Request))
#45 E:\\360 cloud solution\\OUTLET_PROJECT\\Outlet - Copy - Copy\\vendor\\laravel\\framework\\src\\Illuminate\\Pipeline\\Pipeline.php(163): Illuminate\\Foundation\\Http\\Middleware\\CheckForMaintenanceMode->handle(Object(Illuminate\\Http\\Request), Object(Closure))
#46 E:\\360 cloud solution\\OUTLET_PROJECT\\Outlet - Copy - Copy\\vendor\\laravel\\framework\\src\\Illuminate\\Routing\\Pipeline.php(53): Illuminate\\Pipeline\\Pipeline->Illuminate\\Pipeline\\{closure}(Object(Illuminate\\Http\\Request))
#47 E:\\360 cloud solution\\OUTLET_PROJECT\\Outlet - Copy - Copy\\vendor\\fideloper\\proxy\\src\\TrustProxies.php(57): Illuminate\\Routing\\Pipeline->Illuminate\\Routing\\{closure}(Object(Illuminate\\Http\\Request))
#48 E:\\360 cloud solution\\OUTLET_PROJECT\\Outlet - Copy - Copy\\vendor\\laravel\\framework\\src\\Illuminate\\Pipeline\\Pipeline.php(163): Fideloper\\Proxy\\TrustProxies->handle(Object(Illuminate\\Http\\Request), Object(Closure))
#49 E:\\360 cloud solution\\OUTLET_PROJECT\\Outlet - Copy - Copy\\vendor\\laravel\\framework\\src\\Illuminate\\Routing\\Pipeline.php(53): Illuminate\\Pipeline\\Pipeline->Illuminate\\Pipeline\\{closure}(Object(Illuminate\\Http\\Request))
#50 E:\\360 cloud solution\\OUTLET_PROJECT\\Outlet - Copy - Copy\\vendor\\laravel\\framework\\src\\Illuminate\\Pipeline\\Pipeline.php(104): Illuminate\\Routing\\Pipeline->Illuminate\\Routing\\{closure}(Object(Illuminate\\Http\\Request))
#51 E:\\360 cloud solution\\OUTLET_PROJECT\\Outlet - Copy - Copy\\vendor\\laravel\\framework\\src\\Illuminate\\Foundation\\Http\\Kernel.php(151): Illuminate\\Pipeline\\Pipeline->then(Object(Closure))
#52 E:\\360 cloud solution\\OUTLET_PROJECT\\Outlet - Copy - Copy\\vendor\\laravel\\framework\\src\\Illuminate\\Foundation\\Http\\Kernel.php(116): Illuminate\\Foundation\\Http\\Kernel->sendRequestThroughRouter(Object(Illuminate\\Http\\Request))
#53 E:\\360 cloud solution\\OUTLET_PROJECT\\Outlet - Copy - Copy\\public\\index.php(55): Illuminate\\Foundation\\Http\\Kernel->handle(Object(Illuminate\\Http\\Request))
#54 E:\\360 cloud solution\\OUTLET_PROJECT\\Outlet - Copy - Copy\\index.php(21): require_once('E:\\\\360 cloud so...')
#55 {main}
"} 
[2020-10-26 21:11:10] Outlet.com.ERROR: Class 'App\Transformers\Category\Ar\SubCategoryTransformer' not found {"exception":"[object] (Symfony\\Component\\Debug\\Exception\\FatalThrowableError(code: 0): Class 'App\\Transformers\\Category\\Ar\\SubCategoryTransformer' not found at E:\\360 cloud solution\\OUTLET_PROJECT\\Outlet - Copy - Copy\\app\\Transformers\\Category\\Ar\\Ar_CategoryTransformer.php:32)
[stacktrace]
#0 [internal function]: App\\Transformers\\Category\\Ar\\Ar_CategoryTransformer->includeCategories(Object(App\\Category), Object(League\\Fractal\\ParamBag))
#1 E:\\360 cloud solution\\OUTLET_PROJECT\\Outlet - Copy - Copy\\vendor\\league\\fractal\\src\\TransformerAbstract.php(190): call_user_func(Array, Object(App\\Category), Object(League\\Fractal\\ParamBag))
#2 E:\\360 cloud solution\\OUTLET_PROJECT\\Outlet - Copy - Copy\\vendor\\league\\fractal\\src\\TransformerAbstract.php(156): League\\Fractal\\TransformerAbstract->callIncludeMethod(Object(League\\Fractal\\Scope), 'categories', Object(App\\Category))
#3 E:\\360 cloud solution\\OUTLET_PROJECT\\Outlet - Copy - Copy\\vendor\\league\\fractal\\src\\TransformerAbstract.php(128): League\\Fractal\\TransformerAbstract->includeResourceIfAvailable(Object(League\\Fractal\\Scope), Object(App\\Category), Array, 'categories')
#4 E:\\360 cloud solution\\OUTLET_PROJECT\\Outlet - Copy - Copy\\vendor\\league\\fractal\\src\\Scope.php(447): League\\Fractal\\TransformerAbstract->processIncludedResources(Object(League\\Fractal\\Scope), Object(App\\Category))
#5 E:\\360 cloud solution\\OUTLET_PROJECT\\Outlet - Copy - Copy\\vendor\\league\\fractal\\src\\Scope.php(423): League\\Fractal\\Scope->fireIncludedTransformers(Object(App\\Transformers\\Category\\Ar\\Ar_CategoryTransformer), Object(App\\Category))
#6 E:\\360 cloud solution\\OUTLET_PROJECT\\Outlet - Copy - Copy\\vendor\\league\\fractal\\src\\Scope.php(361): League\\Fractal\\Scope->fireTransformer(Object(App\\Transformers\\Category\\Ar\\Ar_CategoryTransformer), Object(App\\Category))
#7 E:\\360 cloud solution\\OUTLET_PROJECT\\Outlet - Copy - Copy\\vendor\\league\\fractal\\src\\Scope.php(235): League\\Fractal\\Scope->executeResourceTransformers()
#8 E:\\360 cloud solution\\OUTLET_PROJECT\\Outlet - Copy - Copy\\vendor\\spatie\\fractalistic\\src\\Fractal.php(369): League\\Fractal\\Scope->toArray()
#9 E:\\360 cloud solution\\OUTLET_PROJECT\\Outlet - Copy - Copy\\app\\Traits\\ApiResponser.php(85): Spatie\\Fractalistic\\Fractal->toArray()
#10 E:\\360 cloud solution\\OUTLET_PROJECT\\Outlet - Copy - Copy\\app\\Traits\\ApiResponser.php(49): App\\Http\\Controllers\\ApiController->transformData(Object(Illuminate\\Database\\Eloquent\\Collection), 'App\\\\Transformer...')
#11 E:\\360 cloud solution\\OUTLET_PROJECT\\Outlet - Copy - Copy\\app\\Http\\Controllers\\Category\\CategoryController.php(27): App\\Http\\Controllers\\ApiController->showAll(Object(Illuminate\\Database\\Eloquent\\Collection), 'App\\\\Transformer...')
#12 [internal function]: App\\Http\\Controllers\\Category\\CategoryController->index(Object(Illuminate\\Http\\Request))
#13 E:\\360 cloud solution\\OUTLET_PROJECT\\Outlet - Copy - Copy\\vendor\\laravel\\framework\\src\\Illuminate\\Routing\\Controller.php(54): call_user_func_array(Array, Array)
#14 E:\\360 cloud solution\\OUTLET_PROJECT\\Outlet - Copy - Copy\\vendor\\laravel\\framework\\src\\Illuminate\\Routing\\ControllerDispatcher.php(45): Illuminate\\Routing\\Controller->callAction('index', Array)
#15 E:\\360 cloud solution\\OUTLET_PROJECT\\Outlet - Copy - Copy\\vendor\\laravel\\framework\\src\\Illuminate\\Routing\\Route.php(219): Illuminate\\Routing\\ControllerDispatcher->dispatch(Object(Illuminate\\Routing\\Route), Object(App\\Http\\Controllers\\Category\\CategoryController), 'index')
#16 E:\\360 cloud solution\\OUTLET_PROJECT\\Outlet - Copy - Copy\\vendor\\laravel\\framework\\src\\Illuminate\\Routing\\Route.php(176): Illuminate\\Routing\\Route->runController()
#17 E:\\360 cloud solution\\OUTLET_PROJECT\\Outlet - Copy - Copy\\vendor\\laravel\\framework\\src\\Illuminate\\Routing\\Router.php(680): Illuminate\\Routing\\Route->run()
#18 E:\\360 cloud solution\\OUTLET_PROJECT\\Outlet - Copy - Copy\\vendor\\laravel\\framework\\src\\Illuminate\\Routing\\Pipeline.php(30): Illuminate\\Routing\\Router->Illuminate\\Routing\\{closure}(Object(Illuminate\\Http\\Request))
#19 E:\\360 cloud solution\\OUTLET_PROJECT\\Outlet - Copy - Copy\\vendor\\laravel\\framework\\src\\Illuminate\\Routing\\Middleware\\SubstituteBindings.php(41): Illuminate\\Routing\\Pipeline->Illuminate\\Routing\\{closure}(Object(Illuminate\\Http\\Request))
#20 E:\\360 cloud solution\\OUTLET_PROJECT\\Outlet - Copy - Copy\\vendor\\laravel\\framework\\src\\Illuminate\\Pipeline\\Pipeline.php(163): Illuminate\\Routing\\Middleware\\SubstituteBindings->handle(Object(Illuminate\\Http\\Request), Object(Closure))
#21 E:\\360 cloud solution\\OUTLET_PROJECT\\Outlet - Copy - Copy\\vendor\\laravel\\framework\\src\\Illuminate\\Routing\\Pipeline.php(53): Illuminate\\Pipeline\\Pipeline->Illuminate\\Pipeline\\{closure}(Object(Illuminate\\Http\\Request))
#22 E:\\360 cloud solution\\OUTLET_PROJECT\\Outlet - Copy - Copy\\vendor\\laravel\\framework\\src\\Illuminate\\Routing\\Middleware\\ThrottleRequests.php(58): Illuminate\\Routing\\Pipeline->Illuminate\\Routing\\{closure}(Object(Illuminate\\Http\\Request))
#23 E:\\360 cloud solution\\OUTLET_PROJECT\\Outlet - Copy - Copy\\vendor\\laravel\\framework\\src\\Illuminate\\Pipeline\\Pipeline.php(163): Illuminate\\Routing\\Middleware\\ThrottleRequests->handle(Object(Illuminate\\Http\\Request), Object(Closure), 500, '1')
#24 E:\\360 cloud solution\\OUTLET_PROJECT\\Outlet - Copy - Copy\\vendor\\laravel\\framework\\src\\Illuminate\\Routing\\Pipeline.php(53): Illuminate\\Pipeline\\Pipeline->Illuminate\\Pipeline\\{closure}(Object(Illuminate\\Http\\Request))
#25 E:\\360 cloud solution\\OUTLET_PROJECT\\Outlet - Copy - Copy\\vendor\\laravel\\framework\\src\\Illuminate\\Pipeline\\Pipeline.php(104): Illuminate\\Routing\\Pipeline->Illuminate\\Routing\\{closure}(Object(Illuminate\\Http\\Request))
#26 E:\\360 cloud solution\\OUTLET_PROJECT\\Outlet - Copy - Copy\\vendor\\laravel\\framework\\src\\Illuminate\\Routing\\Router.php(682): Illuminate\\Pipeline\\Pipeline->then(Object(Closure))
#27 E:\\360 cloud solution\\OUTLET_PROJECT\\Outlet - Copy - Copy\\vendor\\laravel\\framework\\src\\Illuminate\\Routing\\Router.php(657): Illuminate\\Routing\\Router->runRouteWithinStack(Object(Illuminate\\Routing\\Route), Object(Illuminate\\Http\\Request))
#28 E:\\360 cloud solution\\OUTLET_PROJECT\\Outlet - Copy - Copy\\vendor\\laravel\\framework\\src\\Illuminate\\Routing\\Router.php(623): Illuminate\\Routing\\Router->runRoute(Object(Illuminate\\Http\\Request), Object(Illuminate\\Routing\\Route))
#29 E:\\360 cloud solution\\OUTLET_PROJECT\\Outlet - Copy - Copy\\vendor\\laravel\\framework\\src\\Illuminate\\Routing\\Router.php(612): Illuminate\\Routing\\Router->dispatchToRoute(Object(Illuminate\\Http\\Request))
#30 E:\\360 cloud solution\\OUTLET_PROJECT\\Outlet - Copy - Copy\\vendor\\laravel\\framework\\src\\Illuminate\\Foundation\\Http\\Kernel.php(176): Illuminate\\Routing\\Router->dispatch(Object(Illuminate\\Http\\Request))
#31 E:\\360 cloud solution\\OUTLET_PROJECT\\Outlet - Copy - Copy\\vendor\\laravel\\framework\\src\\Illuminate\\Routing\\Pipeline.php(30): Illuminate\\Foundation\\Http\\Kernel->Illuminate\\Foundation\\Http\\{closure}(Object(Illuminate\\Http\\Request))
#32 E:\\360 cloud solution\\OUTLET_PROJECT\\Outlet - Copy - Copy\\app\\Http\\Cors.php(43): Illuminate\\Routing\\Pipeline->Illuminate\\Routing\\{closure}(Object(Illuminate\\Http\\Request))
#33 E:\\360 cloud solution\\OUTLET_PROJECT\\Outlet - Copy - Copy\\vendor\\laravel\\framework\\src\\Illuminate\\Pipeline\\Pipeline.php(163): App\\Http\\Middleware\\Cors->handle(Object(Illuminate\\Http\\Request), Object(Closure))
#34 E:\\360 cloud solution\\OUTLET_PROJECT\\Outlet - Copy - Copy\\vendor\\laravel\\framework\\src\\Illuminate\\Routing\\Pipeline.php(53): Illuminate\\Pipeline\\Pipeline->Illuminate\\Pipeline\\{closure}(Object(Illuminate\\Http\\Request))
#35 E:\\360 cloud solution\\OUTLET_PROJECT\\Outlet - Copy - Copy\\vendor\\laravel\\framework\\src\\Illuminate\\Foundation\\Http\\Middleware\\TransformsRequest.php(21): Illuminate\\Routing\\Pipeline->Illuminate\\Routing\\{closure}(Object(Illuminate\\Http\\Request))
#36 E:\\360 cloud solution\\OUTLET_PROJECT\\Outlet - Copy - Copy\\vendor\\laravel\\framework\\src\\Illuminate\\Pipeline\\Pipeline.php(163): Illuminate\\Foundation\\Http\\Middleware\\TransformsRequest->handle(Object(Illuminate\\Http\\Request), Object(Closure))
#37 E:\\360 cloud solution\\OUTLET_PROJECT\\Outlet - Copy - Copy\\vendor\\laravel\\framework\\src\\Illuminate\\Routing\\Pipeline.php(53): Illuminate\\Pipeline\\Pipeline->Illuminate\\Pipeline\\{closure}(Object(Illuminate\\Http\\Request))
#38 E:\\360 cloud solution\\OUTLET_PROJECT\\Outlet - Copy - Copy\\vendor\\laravel\\framework\\src\\Illuminate\\Foundation\\Http\\Middleware\\TransformsRequest.php(21): Illuminate\\Routing\\Pipeline->Illuminate\\Routing\\{closure}(Object(Illuminate\\Http\\Request))
#39 E:\\360 cloud solution\\OUTLET_PROJECT\\Outlet - Copy - Copy\\vendor\\laravel\\framework\\src\\Illuminate\\Pipeline\\Pipeline.php(163): Illuminate\\Foundation\\Http\\Middleware\\TransformsRequest->handle(Object(Illuminate\\Http\\Request), Object(Closure))
#40 E:\\360 cloud solution\\OUTLET_PROJECT\\Outlet - Copy - Copy\\vendor\\laravel\\framework\\src\\Illuminate\\Routing\\Pipeline.php(53): Illuminate\\Pipeline\\Pipeline->Illuminate\\Pipeline\\{closure}(Object(Illuminate\\Http\\Request))
#41 E:\\360 cloud solution\\OUTLET_PROJECT\\Outlet - Copy - Copy\\vendor\\laravel\\framework\\src\\Illuminate\\Foundation\\Http\\Middleware\\ValidatePostSize.php(27): Illuminate\\Routing\\Pipeline->Illuminate\\Routing\\{closure}(Object(Illuminate\\Http\\Request))
#42 E:\\360 cloud solution\\OUTLET_PROJECT\\Outlet - Copy - Copy\\vendor\\laravel\\framework\\src\\Illuminate\\Pipeline\\Pipeline.php(163): Illuminate\\Foundation\\Http\\Middleware\\ValidatePostSize->handle(Object(Illuminate\\Http\\Request), Object(Closure))
#43 E:\\360 cloud solution\\OUTLET_PROJECT\\Outlet - Copy - Copy\\vendor\\laravel\\framework\\src\\Illuminate\\Routing\\Pipeline.php(53): Illuminate\\Pipeline\\Pipeline->Illuminate\\Pipeline\\{closure}(Object(Illuminate\\Http\\Request))
#44 E:\\360 cloud solution\\OUTLET_PROJECT\\Outlet - Copy - Copy\\vendor\\laravel\\framework\\src\\Illuminate\\Foundation\\Http\\Middleware\\CheckForMaintenanceMode.php(62): Illuminate\\Routing\\Pipeline->Illuminate\\Routing\\{closure}(Object(Illuminate\\Http\\Request))
#45 E:\\360 cloud solution\\OUTLET_PROJECT\\Outlet - Copy - Copy\\vendor\\laravel\\framework\\src\\Illuminate\\Pipeline\\Pipeline.php(163): Illuminate\\Foundation\\Http\\Middleware\\CheckForMaintenanceMode->handle(Object(Illuminate\\Http\\Request), Object(Closure))
#46 E:\\360 cloud solution\\OUTLET_PROJECT\\Outlet - Copy - Copy\\vendor\\laravel\\framework\\src\\Illuminate\\Routing\\Pipeline.php(53): Illuminate\\Pipeline\\Pipeline->Illuminate\\Pipeline\\{closure}(Object(Illuminate\\Http\\Request))
#47 E:\\360 cloud solution\\OUTLET_PROJECT\\Outlet - Copy - Copy\\vendor\\fideloper\\proxy\\src\\TrustProxies.php(57): Illuminate\\Routing\\Pipeline->Illuminate\\Routing\\{closure}(Object(Illuminate\\Http\\Request))
#48 E:\\360 cloud solution\\OUTLET_PROJECT\\Outlet - Copy - Copy\\vendor\\laravel\\framework\\src\\Illuminate\\Pipeline\\Pipeline.php(163): Fideloper\\Proxy\\TrustProxies->handle(Object(Illuminate\\Http\\Request), Object(Closure))
#49 E:\\360 cloud solution\\OUTLET_PROJECT\\Outlet - Copy - Copy\\vendor\\laravel\\framework\\src\\Illuminate\\Routing\\Pipeline.php(53): Illuminate\\Pipeline\\Pipeline->Illuminate\\Pipeline\\{closure}(Object(Illuminate\\Http\\Request))
#50 E:\\360 cloud solution\\OUTLET_PROJECT\\Outlet - Copy - Copy\\vendor\\laravel\\framework\\src\\Illuminate\\Pipeline\\Pipeline.php(104): Illuminate\\Routing\\Pipeline->Illuminate\\Routing\\{closure}(Object(Illuminate\\Http\\Request))
#51 E:\\360 cloud solution\\OUTLET_PROJECT\\Outlet - Copy - Copy\\vendor\\laravel\\framework\\src\\Illuminate\\Foundation\\Http\\Kernel.php(151): Illuminate\\Pipeline\\Pipeline->then(Object(Closure))
#52 E:\\360 cloud solution\\OUTLET_PROJECT\\Outlet - Copy - Copy\\vendor\\laravel\\framework\\src\\Illuminate\\Foundation\\Http\\Kernel.php(116): Illuminate\\Foundation\\Http\\Kernel->sendRequestThroughRouter(Object(Illuminate\\Http\\Request))
#53 E:\\360 cloud solution\\OUTLET_PROJECT\\Outlet - Copy - Copy\\public\\index.php(55): Illuminate\\Foundation\\Http\\Kernel->handle(Object(Illuminate\\Http\\Request))
#54 E:\\360 cloud solution\\OUTLET_PROJECT\\Outlet - Copy - Copy\\index.php(21): require_once('E:\\\\360 cloud so...')
#55 {main}
"} 
[2020-10-26 21:11:24] Outlet.com.ERROR: Class 'App\Transformers\Category\Ar\SubCategoryTransformer' not found {"exception":"[object] (Symfony\\Component\\Debug\\Exception\\FatalThrowableError(code: 0): Class 'App\\Transformers\\Category\\Ar\\SubCategoryTransformer' not found at E:\\360 cloud solution\\OUTLET_PROJECT\\Outlet - Copy - Copy\\app\\Transformers\\Category\\Ar\\Ar_CategoryTransformer.php:32)
[stacktrace]
#0 [internal function]: App\\Transformers\\Category\\Ar\\Ar_CategoryTransformer->includeCategories(Object(App\\Category), Object(League\\Fractal\\ParamBag))
#1 E:\\360 cloud solution\\OUTLET_PROJECT\\Outlet - Copy - Copy\\vendor\\league\\fractal\\src\\TransformerAbstract.php(190): call_user_func(Array, Object(App\\Category), Object(League\\Fractal\\ParamBag))
#2 E:\\360 cloud solution\\OUTLET_PROJECT\\Outlet - Copy - Copy\\vendor\\league\\fractal\\src\\TransformerAbstract.php(156): League\\Fractal\\TransformerAbstract->callIncludeMethod(Object(League\\Fractal\\Scope), 'categories', Object(App\\Category))
#3 E:\\360 cloud solution\\OUTLET_PROJECT\\Outlet - Copy - Copy\\vendor\\league\\fractal\\src\\TransformerAbstract.php(128): League\\Fractal\\TransformerAbstract->includeResourceIfAvailable(Object(League\\Fractal\\Scope), Object(App\\Category), Array, 'categories')
#4 E:\\360 cloud solution\\OUTLET_PROJECT\\Outlet - Copy - Copy\\vendor\\league\\fractal\\src\\Scope.php(447): League\\Fractal\\TransformerAbstract->processIncludedResources(Object(League\\Fractal\\Scope), Object(App\\Category))
#5 E:\\360 cloud solution\\OUTLET_PROJECT\\Outlet - Copy - Copy\\vendor\\league\\fractal\\src\\Scope.php(423): League\\Fractal\\Scope->fireIncludedTransformers(Object(App\\Transformers\\Category\\Ar\\Ar_CategoryTransformer), Object(App\\Category))
#6 E:\\360 cloud solution\\OUTLET_PROJECT\\Outlet - Copy - Copy\\vendor\\league\\fractal\\src\\Scope.php(361): League\\Fractal\\Scope->fireTransformer(Object(App\\Transformers\\Category\\Ar\\Ar_CategoryTransformer), Object(App\\Category))
#7 E:\\360 cloud solution\\OUTLET_PROJECT\\Outlet - Copy - Copy\\vendor\\league\\fractal\\src\\Scope.php(235): League\\Fractal\\Scope->executeResourceTransformers()
#8 E:\\360 cloud solution\\OUTLET_PROJECT\\Outlet - Copy - Copy\\vendor\\spatie\\fractalistic\\src\\Fractal.php(369): League\\Fractal\\Scope->toArray()
#9 E:\\360 cloud solution\\OUTLET_PROJECT\\Outlet - Copy - Copy\\app\\Traits\\ApiResponser.php(85): Spatie\\Fractalistic\\Fractal->toArray()
#10 E:\\360 cloud solution\\OUTLET_PROJECT\\Outlet - Copy - Copy\\app\\Traits\\ApiResponser.php(49): App\\Http\\Controllers\\ApiController->transformData(Object(Illuminate\\Database\\Eloquent\\Collection), 'App\\\\Transformer...')
#11 E:\\360 cloud solution\\OUTLET_PROJECT\\Outlet - Copy - Copy\\app\\Http\\Controllers\\Category\\CategoryController.php(27): App\\Http\\Controllers\\ApiController->showAll(Object(Illuminate\\Database\\Eloquent\\Collection), 'App\\\\Transformer...')
#12 [internal function]: App\\Http\\Controllers\\Category\\CategoryController->index(Object(Illuminate\\Http\\Request))
#13 E:\\360 cloud solution\\OUTLET_PROJECT\\Outlet - Copy - Copy\\vendor\\laravel\\framework\\src\\Illuminate\\Routing\\Controller.php(54): call_user_func_array(Array, Array)
#14 E:\\360 cloud solution\\OUTLET_PROJECT\\Outlet - Copy - Copy\\vendor\\laravel\\framework\\src\\Illuminate\\Routing\\ControllerDispatcher.php(45): Illuminate\\Routing\\Controller->callAction('index', Array)
#15 E:\\360 cloud solution\\OUTLET_PROJECT\\Outlet - Copy - Copy\\vendor\\laravel\\framework\\src\\Illuminate\\Routing\\Route.php(219): Illuminate\\Routing\\ControllerDispatcher->dispatch(Object(Illuminate\\Routing\\Route), Object(App\\Http\\Controllers\\Category\\CategoryController), 'index')
#16 E:\\360 cloud solution\\OUTLET_PROJECT\\Outlet - Copy - Copy\\vendor\\laravel\\framework\\src\\Illuminate\\Routing\\Route.php(176): Illuminate\\Routing\\Route->runController()
#17 E:\\360 cloud solution\\OUTLET_PROJECT\\Outlet - Copy - Copy\\vendor\\laravel\\framework\\src\\Illuminate\\Routing\\Router.php(680): Illuminate\\Routing\\Route->run()
#18 E:\\360 cloud solution\\OUTLET_PROJECT\\Outlet - Copy - Copy\\vendor\\laravel\\framework\\src\\Illuminate\\Routing\\Pipeline.php(30): Illuminate\\Routing\\Router->Illuminate\\Routing\\{closure}(Object(Illuminate\\Http\\Request))
#19 E:\\360 cloud solution\\OUTLET_PROJECT\\Outlet - Copy - Copy\\vendor\\laravel\\framework\\src\\Illuminate\\Routing\\Middleware\\SubstituteBindings.php(41): Illuminate\\Routing\\Pipeline->Illuminate\\Routing\\{closure}(Object(Illuminate\\Http\\Request))
#20 E:\\360 cloud solution\\OUTLET_PROJECT\\Outlet - Copy - Copy\\vendor\\laravel\\framework\\src\\Illuminate\\Pipeline\\Pipeline.php(163): Illuminate\\Routing\\Middleware\\SubstituteBindings->handle(Object(Illuminate\\Http\\Request), Object(Closure))
#21 E:\\360 cloud solution\\OUTLET_PROJECT\\Outlet - Copy - Copy\\vendor\\laravel\\framework\\src\\Illuminate\\Routing\\Pipeline.php(53): Illuminate\\Pipeline\\Pipeline->Illuminate\\Pipeline\\{closure}(Object(Illuminate\\Http\\Request))
#22 E:\\360 cloud solution\\OUTLET_PROJECT\\Outlet - Copy - Copy\\vendor\\laravel\\framework\\src\\Illuminate\\Routing\\Middleware\\ThrottleRequests.php(58): Illuminate\\Routing\\Pipeline->Illuminate\\Routing\\{closure}(Object(Illuminate\\Http\\Request))
#23 E:\\360 cloud solution\\OUTLET_PROJECT\\Outlet - Copy - Copy\\vendor\\laravel\\framework\\src\\Illuminate\\Pipeline\\Pipeline.php(163): Illuminate\\Routing\\Middleware\\ThrottleRequests->handle(Object(Illuminate\\Http\\Request), Object(Closure), 500, '1')
#24 E:\\360 cloud solution\\OUTLET_PROJECT\\Outlet - Copy - Copy\\vendor\\laravel\\framework\\src\\Illuminate\\Routing\\Pipeline.php(53): Illuminate\\Pipeline\\Pipeline->Illuminate\\Pipeline\\{closure}(Object(Illuminate\\Http\\Request))
#25 E:\\360 cloud solution\\OUTLET_PROJECT\\Outlet - Copy - Copy\\vendor\\laravel\\framework\\src\\Illuminate\\Pipeline\\Pipeline.php(104): Illuminate\\Routing\\Pipeline->Illuminate\\Routing\\{closure}(Object(Illuminate\\Http\\Request))
#26 E:\\360 cloud solution\\OUTLET_PROJECT\\Outlet - Copy - Copy\\vendor\\laravel\\framework\\src\\Illuminate\\Routing\\Router.php(682): Illuminate\\Pipeline\\Pipeline->then(Object(Closure))
#27 E:\\360 cloud solution\\OUTLET_PROJECT\\Outlet - Copy - Copy\\vendor\\laravel\\framework\\src\\Illuminate\\Routing\\Router.php(657): Illuminate\\Routing\\Router->runRouteWithinStack(Object(Illuminate\\Routing\\Route), Object(Illuminate\\Http\\Request))
#28 E:\\360 cloud solution\\OUTLET_PROJECT\\Outlet - Copy - Copy\\vendor\\laravel\\framework\\src\\Illuminate\\Routing\\Router.php(623): Illuminate\\Routing\\Router->runRoute(Object(Illuminate\\Http\\Request), Object(Illuminate\\Routing\\Route))
#29 E:\\360 cloud solution\\OUTLET_PROJECT\\Outlet - Copy - Copy\\vendor\\laravel\\framework\\src\\Illuminate\\Routing\\Router.php(612): Illuminate\\Routing\\Router->dispatchToRoute(Object(Illuminate\\Http\\Request))
#30 E:\\360 cloud solution\\OUTLET_PROJECT\\Outlet - Copy - Copy\\vendor\\laravel\\framework\\src\\Illuminate\\Foundation\\Http\\Kernel.php(176): Illuminate\\Routing\\Router->dispatch(Object(Illuminate\\Http\\Request))
#31 E:\\360 cloud solution\\OUTLET_PROJECT\\Outlet - Copy - Copy\\vendor\\laravel\\framework\\src\\Illuminate\\Routing\\Pipeline.php(30): Illuminate\\Foundation\\Http\\Kernel->Illuminate\\Foundation\\Http\\{closure}(Object(Illuminate\\Http\\Request))
#32 E:\\360 cloud solution\\OUTLET_PROJECT\\Outlet - Copy - Copy\\app\\Http\\Cors.php(43): Illuminate\\Routing\\Pipeline->Illuminate\\Routing\\{closure}(Object(Illuminate\\Http\\Request))
#33 E:\\360 cloud solution\\OUTLET_PROJECT\\Outlet - Copy - Copy\\vendor\\laravel\\framework\\src\\Illuminate\\Pipeline\\Pipeline.php(163): App\\Http\\Middleware\\Cors->handle(Object(Illuminate\\Http\\Request), Object(Closure))
#34 E:\\360 cloud solution\\OUTLET_PROJECT\\Outlet - Copy - Copy\\vendor\\laravel\\framework\\src\\Illuminate\\Routing\\Pipeline.php(53): Illuminate\\Pipeline\\Pipeline->Illuminate\\Pipeline\\{closure}(Object(Illuminate\\Http\\Request))
#35 E:\\360 cloud solution\\OUTLET_PROJECT\\Outlet - Copy - Copy\\vendor\\laravel\\framework\\src\\Illuminate\\Foundation\\Http\\Middleware\\TransformsRequest.php(21): Illuminate\\Routing\\Pipeline->Illuminate\\Routing\\{closure}(Object(Illuminate\\Http\\Request))
#36 E:\\360 cloud solution\\OUTLET_PROJECT\\Outlet - Copy - Copy\\vendor\\laravel\\framework\\src\\Illuminate\\Pipeline\\Pipeline.php(163): Illuminate\\Foundation\\Http\\Middleware\\TransformsRequest->handle(Object(Illuminate\\Http\\Request), Object(Closure))
#37 E:\\360 cloud solution\\OUTLET_PROJECT\\Outlet - Copy - Copy\\vendor\\laravel\\framework\\src\\Illuminate\\Routing\\Pipeline.php(53): Illuminate\\Pipeline\\Pipeline->Illuminate\\Pipeline\\{closure}(Object(Illuminate\\Http\\Request))
#38 E:\\360 cloud solution\\OUTLET_PROJECT\\Outlet - Copy - Copy\\vendor\\laravel\\framework\\src\\Illuminate\\Foundation\\Http\\Middleware\\TransformsRequest.php(21): Illuminate\\Routing\\Pipeline->Illuminate\\Routing\\{closure}(Object(Illuminate\\Http\\Request))
#39 E:\\360 cloud solution\\OUTLET_PROJECT\\Outlet - Copy - Copy\\vendor\\laravel\\framework\\src\\Illuminate\\Pipeline\\Pipeline.php(163): Illuminate\\Foundation\\Http\\Middleware\\TransformsRequest->handle(Object(Illuminate\\Http\\Request), Object(Closure))
#40 E:\\360 cloud solution\\OUTLET_PROJECT\\Outlet - Copy - Copy\\vendor\\laravel\\framework\\src\\Illuminate\\Routing\\Pipeline.php(53): Illuminate\\Pipeline\\Pipeline->Illuminate\\Pipeline\\{closure}(Object(Illuminate\\Http\\Request))
#41 E:\\360 cloud solution\\OUTLET_PROJECT\\Outlet - Copy - Copy\\vendor\\laravel\\framework\\src\\Illuminate\\Foundation\\Http\\Middleware\\ValidatePostSize.php(27): Illuminate\\Routing\\Pipeline->Illuminate\\Routing\\{closure}(Object(Illuminate\\Http\\Request))
#42 E:\\360 cloud solution\\OUTLET_PROJECT\\Outlet - Copy - Copy\\vendor\\laravel\\framework\\src\\Illuminate\\Pipeline\\Pipeline.php(163): Illuminate\\Foundation\\Http\\Middleware\\ValidatePostSize->handle(Object(Illuminate\\Http\\Request), Object(Closure))
#43 E:\\360 cloud solution\\OUTLET_PROJECT\\Outlet - Copy - Copy\\vendor\\laravel\\framework\\src\\Illuminate\\Routing\\Pipeline.php(53): Illuminate\\Pipeline\\Pipeline->Illuminate\\Pipeline\\{closure}(Object(Illuminate\\Http\\Request))
#44 E:\\360 cloud solution\\OUTLET_PROJECT\\Outlet - Copy - Copy\\vendor\\laravel\\framework\\src\\Illuminate\\Foundation\\Http\\Middleware\\CheckForMaintenanceMode.php(62): Illuminate\\Routing\\Pipeline->Illuminate\\Routing\\{closure}(Object(Illuminate\\Http\\Request))
#45 E:\\360 cloud solution\\OUTLET_PROJECT\\Outlet - Copy - Copy\\vendor\\laravel\\framework\\src\\Illuminate\\Pipeline\\Pipeline.php(163): Illuminate\\Foundation\\Http\\Middleware\\CheckForMaintenanceMode->handle(Object(Illuminate\\Http\\Request), Object(Closure))
#46 E:\\360 cloud solution\\OUTLET_PROJECT\\Outlet - Copy - Copy\\vendor\\laravel\\framework\\src\\Illuminate\\Routing\\Pipeline.php(53): Illuminate\\Pipeline\\Pipeline->Illuminate\\Pipeline\\{closure}(Object(Illuminate\\Http\\Request))
#47 E:\\360 cloud solution\\OUTLET_PROJECT\\Outlet - Copy - Copy\\vendor\\fideloper\\proxy\\src\\TrustProxies.php(57): Illuminate\\Routing\\Pipeline->Illuminate\\Routing\\{closure}(Object(Illuminate\\Http\\Request))
#48 E:\\360 cloud solution\\OUTLET_PROJECT\\Outlet - Copy - Copy\\vendor\\laravel\\framework\\src\\Illuminate\\Pipeline\\Pipeline.php(163): Fideloper\\Proxy\\TrustProxies->handle(Object(Illuminate\\Http\\Request), Object(Closure))
#49 E:\\360 cloud solution\\OUTLET_PROJECT\\Outlet - Copy - Copy\\vendor\\laravel\\framework\\src\\Illuminate\\Routing\\Pipeline.php(53): Illuminate\\Pipeline\\Pipeline->Illuminate\\Pipeline\\{closure}(Object(Illuminate\\Http\\Request))
#50 E:\\360 cloud solution\\OUTLET_PROJECT\\Outlet - Copy - Copy\\vendor\\laravel\\framework\\src\\Illuminate\\Pipeline\\Pipeline.php(104): Illuminate\\Routing\\Pipeline->Illuminate\\Routing\\{closure}(Object(Illuminate\\Http\\Request))
#51 E:\\360 cloud solution\\OUTLET_PROJECT\\Outlet - Copy - Copy\\vendor\\laravel\\framework\\src\\Illuminate\\Foundation\\Http\\Kernel.php(151): Illuminate\\Pipeline\\Pipeline->then(Object(Closure))
#52 E:\\360 cloud solution\\OUTLET_PROJECT\\Outlet - Copy - Copy\\vendor\\laravel\\framework\\src\\Illuminate\\Foundation\\Http\\Kernel.php(116): Illuminate\\Foundation\\Http\\Kernel->sendRequestThroughRouter(Object(Illuminate\\Http\\Request))
#53 E:\\360 cloud solution\\OUTLET_PROJECT\\Outlet - Copy - Copy\\public\\index.php(55): Illuminate\\Foundation\\Http\\Kernel->handle(Object(Illuminate\\Http\\Request))
#54 E:\\360 cloud solution\\OUTLET_PROJECT\\Outlet - Copy - Copy\\index.php(21): require_once('E:\\\\360 cloud so...')
#55 {main}
"} 
