[2020-11-26 02:02:59] Outlet.com.ERROR: Command "session:flush" is not defined.

Did you mean one of these?
    queue:flush
    session:table {"exception":"[object] (Symfony\\Component\\Console\\Exception\\CommandNotFoundException(code: 0): Command \"session:flush\" is not defined.

Did you mean one of these?
    queue:flush
    session:table at E:\\External Work\\PROJECT\\E-Commerce\\phone_api\\vendor\\symfony\\console\\Application.php:669)
[stacktrace]
#0 E:\\External Work\\PROJECT\\E-Commerce\\phone_api\\vendor\\symfony\\console\\Application.php(235): Symfony\\Component\\Console\\Application->find('session:flush')
#1 E:\\External Work\\PROJECT\\E-Commerce\\phone_api\\vendor\\symfony\\console\\Application.php(147): Symfony\\Component\\Console\\Application->doRun(Object(Symfony\\Component\\Console\\Input\\ArgvInput), Object(Symfony\\Component\\Console\\Output\\ConsoleOutput))
#2 E:\\External Work\\PROJECT\\E-Commerce\\phone_api\\vendor\\laravel\\framework\\src\\Illuminate\\Console\\Application.php(90): Symfony\\Component\\Console\\Application->run(Object(Symfony\\Component\\Console\\Input\\ArgvInput), Object(Symfony\\Component\\Console\\Output\\ConsoleOutput))
#3 E:\\External Work\\PROJECT\\E-Commerce\\phone_api\\vendor\\laravel\\framework\\src\\Illuminate\\Foundation\\Console\\Kernel.php(133): Illuminate\\Console\\Application->run(Object(Symfony\\Component\\Console\\Input\\ArgvInput), Object(Symfony\\Component\\Console\\Output\\ConsoleOutput))
#4 E:\\External Work\\PROJECT\\E-Commerce\\phone_api\\artisan(37): Illuminate\\Foundation\\Console\\Kernel->handle(Object(Symfony\\Component\\Console\\Input\\ArgvInput), Object(Symfony\\Component\\Console\\Output\\ConsoleOutput))
#5 {main}
"} 
[2020-11-26 02:04:17] Outlet.com.ERROR: There are no commands defined in the "sessions" namespace.

Did you mean this?
    session {"exception":"[object] (Symfony\\Component\\Console\\Exception\\NamespaceNotFoundException(code: 0): There are no commands defined in the \"sessions\" namespace.

Did you mean this?
    session at E:\\External Work\\PROJECT\\E-Commerce\\phone_api\\vendor\\symfony\\console\\Application.php:597)
[stacktrace]
#0 E:\\External Work\\PROJECT\\E-Commerce\\phone_api\\vendor\\symfony\\console\\Application.php(650): Symfony\\Component\\Console\\Application->findNamespace('sessions')
#1 E:\\External Work\\PROJECT\\E-Commerce\\phone_api\\vendor\\symfony\\console\\Application.php(235): Symfony\\Component\\Console\\Application->find('sessions:clear')
#2 E:\\External Work\\PROJECT\\E-Commerce\\phone_api\\vendor\\symfony\\console\\Application.php(147): Symfony\\Component\\Console\\Application->doRun(Object(Symfony\\Component\\Console\\Input\\ArgvInput), Object(Symfony\\Component\\Console\\Output\\ConsoleOutput))
#3 E:\\External Work\\PROJECT\\E-Commerce\\phone_api\\vendor\\laravel\\framework\\src\\Illuminate\\Console\\Application.php(90): Symfony\\Component\\Console\\Application->run(Object(Symfony\\Component\\Console\\Input\\ArgvInput), Object(Symfony\\Component\\Console\\Output\\ConsoleOutput))
#4 E:\\External Work\\PROJECT\\E-Commerce\\phone_api\\vendor\\laravel\\framework\\src\\Illuminate\\Foundation\\Console\\Kernel.php(133): Illuminate\\Console\\Application->run(Object(Symfony\\Component\\Console\\Input\\ArgvInput), Object(Symfony\\Component\\Console\\Output\\ConsoleOutput))
#5 E:\\External Work\\PROJECT\\E-Commerce\\phone_api\\artisan(37): Illuminate\\Foundation\\Console\\Kernel->handle(Object(Symfony\\Component\\Console\\Input\\ArgvInput), Object(Symfony\\Component\\Console\\Output\\ConsoleOutput))
#6 {main}
"} 
[2020-11-26 02:04:20] Outlet.com.ERROR: Command "session:clear" is not defined.

Did you mean one of these?
    auth:clear-resets
    cache:clear
    config:clear
    event:clear
    optimize:clear
    route:clear
    session:table
    view:clear {"exception":"[object] (Symfony\\Component\\Console\\Exception\\CommandNotFoundException(code: 0): Command \"session:clear\" is not defined.

Did you mean one of these?
    auth:clear-resets
    cache:clear
    config:clear
    event:clear
    optimize:clear
    route:clear
    session:table
    view:clear at E:\\External Work\\PROJECT\\E-Commerce\\phone_api\\vendor\\symfony\\console\\Application.php:669)
[stacktrace]
#0 E:\\External Work\\PROJECT\\E-Commerce\\phone_api\\vendor\\symfony\\console\\Application.php(235): Symfony\\Component\\Console\\Application->find('session:clear')
#1 E:\\External Work\\PROJECT\\E-Commerce\\phone_api\\vendor\\symfony\\console\\Application.php(147): Symfony\\Component\\Console\\Application->doRun(Object(Symfony\\Component\\Console\\Input\\ArgvInput), Object(Symfony\\Component\\Console\\Output\\ConsoleOutput))
#2 E:\\External Work\\PROJECT\\E-Commerce\\phone_api\\vendor\\laravel\\framework\\src\\Illuminate\\Console\\Application.php(90): Symfony\\Component\\Console\\Application->run(Object(Symfony\\Component\\Console\\Input\\ArgvInput), Object(Symfony\\Component\\Console\\Output\\ConsoleOutput))
#3 E:\\External Work\\PROJECT\\E-Commerce\\phone_api\\vendor\\laravel\\framework\\src\\Illuminate\\Foundation\\Console\\Kernel.php(133): Illuminate\\Console\\Application->run(Object(Symfony\\Component\\Console\\Input\\ArgvInput), Object(Symfony\\Component\\Console\\Output\\ConsoleOutput))
#4 E:\\External Work\\PROJECT\\E-Commerce\\phone_api\\artisan(37): Illuminate\\Foundation\\Console\\Kernel->handle(Object(Symfony\\Component\\Console\\Input\\ArgvInput), Object(Symfony\\Component\\Console\\Output\\ConsoleOutput))
#5 {main}
"} 
